CRITICAL - 2023-05-26 05:35:50 --> syntax error, unexpected end of file, expecting "elseif" or "else" or "endif"
in APPPATH\Views\userpg.php on line 138.
 1 SYSTEMPATH\View\View.php(216): CodeIgniter\View\View->CodeIgniter\View\{closure}()
 2 SYSTEMPATH\Common.php(1184): CodeIgniter\View\View->render('userpg', [], true)
 3 APPPATH\Controllers\userpg.php(9): view('userpg')
 4 SYSTEMPATH\CodeIgniter.php(934): App\Controllers\userpg->index()
 5 SYSTEMPATH\CodeIgniter.php(499): CodeIgniter\CodeIgniter->runController(Object(App\Controllers\userpg))
 6 SYSTEMPATH\CodeIgniter.php(368): CodeIgniter\CodeIgniter->handleRequest(null, Object(Config\Cache), false)
 7 FCPATH\index.php(67): CodeIgniter\CodeIgniter->run()
CRITICAL - 2023-05-26 05:41:36 --> Undefined variable $result
in APPPATH\Views\userpg.php on line 137.
 1 APPPATH\Views\userpg.php(137): CodeIgniter\Debug\Exceptions->errorHandler(2, 'Undefined variable $result', 'C:\\xampp\\htdocs\\codeigniter\\app\\Views\\userpg.php', 137)
 2 SYSTEMPATH\View\View.php(213): include('C:\\xampp\\htdocs\\codeigniter\\app\\Views\\userpg.php')
 3 SYSTEMPATH\View\View.php(216): CodeIgniter\View\View->CodeIgniter\View\{closure}()
 4 SYSTEMPATH\Common.php(1184): CodeIgniter\View\View->render('userpg', [], true)
 5 APPPATH\Controllers\userpg.php(9): view('userpg')
 6 SYSTEMPATH\CodeIgniter.php(934): App\Controllers\userpg->index()
 7 SYSTEMPATH\CodeIgniter.php(499): CodeIgniter\CodeIgniter->runController(Object(App\Controllers\userpg))
 8 SYSTEMPATH\CodeIgniter.php(368): CodeIgniter\CodeIgniter->handleRequest(null, Object(Config\Cache), false)
 9 FCPATH\index.php(67): CodeIgniter\CodeIgniter->run()
CRITICAL - 2023-05-26 05:42:18 --> Undefined variable $result
in APPPATH\Views\userpg.php on line 137.
 1 APPPATH\Views\userpg.php(137): CodeIgniter\Debug\Exceptions->errorHandler(2, 'Undefined variable $result', 'C:\\xampp\\htdocs\\codeigniter\\app\\Views\\userpg.php', 137)
 2 SYSTEMPATH\View\View.php(213): include('C:\\xampp\\htdocs\\codeigniter\\app\\Views\\userpg.php')
 3 SYSTEMPATH\View\View.php(216): CodeIgniter\View\View->CodeIgniter\View\{closure}()
 4 SYSTEMPATH\Common.php(1184): CodeIgniter\View\View->render('userpg', [], true)
 5 APPPATH\Controllers\userpg.php(9): view('userpg')
 6 SYSTEMPATH\CodeIgniter.php(934): App\Controllers\userpg->index()
 7 SYSTEMPATH\CodeIgniter.php(499): CodeIgniter\CodeIgniter->runController(Object(App\Controllers\userpg))
 8 SYSTEMPATH\CodeIgniter.php(368): CodeIgniter\CodeIgniter->handleRequest(null, Object(Config\Cache), false)
 9 FCPATH\index.php(67): CodeIgniter\CodeIgniter->run()
CRITICAL - 2023-05-26 05:43:43 --> Undefined variable $result
in APPPATH\Views\userpg.php on line 138.
 1 APPPATH\Views\userpg.php(138): CodeIgniter\Debug\Exceptions->errorHandler(2, 'Undefined variable $result', 'C:\\xampp\\htdocs\\codeigniter\\app\\Views\\userpg.php', 138)
 2 SYSTEMPATH\View\View.php(213): include('C:\\xampp\\htdocs\\codeigniter\\app\\Views\\userpg.php')
 3 SYSTEMPATH\View\View.php(216): CodeIgniter\View\View->CodeIgniter\View\{closure}()
 4 SYSTEMPATH\Common.php(1184): CodeIgniter\View\View->render('userpg', [], true)
 5 APPPATH\Controllers\userpg.php(9): view('userpg')
 6 SYSTEMPATH\CodeIgniter.php(934): App\Controllers\userpg->index()
 7 SYSTEMPATH\CodeIgniter.php(499): CodeIgniter\CodeIgniter->runController(Object(App\Controllers\userpg))
 8 SYSTEMPATH\CodeIgniter.php(368): CodeIgniter\CodeIgniter->handleRequest(null, Object(Config\Cache), false)
 9 FCPATH\index.php(67): CodeIgniter\CodeIgniter->run()
CRITICAL - 2023-05-26 05:44:43 --> Undefined variable $result
in APPPATH\Views\userpg.php on line 138.
 1 APPPATH\Views\userpg.php(138): CodeIgniter\Debug\Exceptions->errorHandler(2, 'Undefined variable $result', 'C:\\xampp\\htdocs\\codeigniter\\app\\Views\\userpg.php', 138)
 2 SYSTEMPATH\View\View.php(213): include('C:\\xampp\\htdocs\\codeigniter\\app\\Views\\userpg.php')
 3 SYSTEMPATH\View\View.php(216): CodeIgniter\View\View->CodeIgniter\View\{closure}()
 4 SYSTEMPATH\Common.php(1184): CodeIgniter\View\View->render('userpg', [], true)
 5 APPPATH\Controllers\userpg.php(9): view('userpg')
 6 SYSTEMPATH\CodeIgniter.php(934): App\Controllers\userpg->index()
 7 SYSTEMPATH\CodeIgniter.php(499): CodeIgniter\CodeIgniter->runController(Object(App\Controllers\userpg))
 8 SYSTEMPATH\CodeIgniter.php(368): CodeIgniter\CodeIgniter->handleRequest(null, Object(Config\Cache), false)
 9 FCPATH\index.php(67): CodeIgniter\CodeIgniter->run()
CRITICAL - 2023-05-26 05:56:19 --> Undefined variable $result
in APPPATH\Views\userpg.php on line 138.
 1 APPPATH\Views\userpg.php(138): CodeIgniter\Debug\Exceptions->errorHandler(2, 'Undefined variable $result', 'C:\\xampp\\htdocs\\codeigniter\\app\\Views\\userpg.php', 138)
 2 SYSTEMPATH\View\View.php(213): include('C:\\xampp\\htdocs\\codeigniter\\app\\Views\\userpg.php')
 3 SYSTEMPATH\View\View.php(216): CodeIgniter\View\View->CodeIgniter\View\{closure}()
 4 SYSTEMPATH\Common.php(1184): CodeIgniter\View\View->render('userpg', [], true)
 5 APPPATH\Controllers\userpg.php(9): view('userpg')
 6 SYSTEMPATH\CodeIgniter.php(934): App\Controllers\userpg->index()
 7 SYSTEMPATH\CodeIgniter.php(499): CodeIgniter\CodeIgniter->runController(Object(App\Controllers\userpg))
 8 SYSTEMPATH\CodeIgniter.php(368): CodeIgniter\CodeIgniter->handleRequest(null, Object(Config\Cache), false)
 9 FCPATH\index.php(67): CodeIgniter\CodeIgniter->run()
CRITICAL - 2023-05-26 06:09:59 --> Undefined variable $result
in APPPATH\Views\userpg.php on line 138.
 1 APPPATH\Views\userpg.php(138): CodeIgniter\Debug\Exceptions->errorHandler(2, 'Undefined variable $result', 'C:\\xampp\\htdocs\\codeigniter\\app\\Views\\userpg.php', 138)
 2 SYSTEMPATH\View\View.php(213): include('C:\\xampp\\htdocs\\codeigniter\\app\\Views\\userpg.php')
 3 SYSTEMPATH\View\View.php(216): CodeIgniter\View\View->CodeIgniter\View\{closure}()
 4 SYSTEMPATH\Common.php(1184): CodeIgniter\View\View->render('userpg', [], true)
 5 APPPATH\Controllers\userpg.php(9): view('userpg')
 6 SYSTEMPATH\CodeIgniter.php(934): App\Controllers\userpg->index()
 7 SYSTEMPATH\CodeIgniter.php(499): CodeIgniter\CodeIgniter->runController(Object(App\Controllers\userpg))
 8 SYSTEMPATH\CodeIgniter.php(368): CodeIgniter\CodeIgniter->handleRequest(null, Object(Config\Cache), false)
 9 FCPATH\index.php(67): CodeIgniter\CodeIgniter->run()
CRITICAL - 2023-05-26 06:11:02 --> Undefined variable $result
in APPPATH\Views\userpg.php on line 138.
 1 APPPATH\Views\userpg.php(138): CodeIgniter\Debug\Exceptions->errorHandler(2, 'Undefined variable $result', 'C:\\xampp\\htdocs\\codeigniter\\app\\Views\\userpg.php', 138)
 2 SYSTEMPATH\View\View.php(213): include('C:\\xampp\\htdocs\\codeigniter\\app\\Views\\userpg.php')
 3 SYSTEMPATH\View\View.php(216): CodeIgniter\View\View->CodeIgniter\View\{closure}()
 4 SYSTEMPATH\Common.php(1184): CodeIgniter\View\View->render('userpg', [], true)
 5 APPPATH\Controllers\userpg.php(9): view('userpg')
 6 SYSTEMPATH\CodeIgniter.php(934): App\Controllers\userpg->index()
 7 SYSTEMPATH\CodeIgniter.php(499): CodeIgniter\CodeIgniter->runController(Object(App\Controllers\userpg))
 8 SYSTEMPATH\CodeIgniter.php(368): CodeIgniter\CodeIgniter->handleRequest(null, Object(Config\Cache), false)
 9 FCPATH\index.php(67): CodeIgniter\CodeIgniter->run()
CRITICAL - 2023-05-26 06:12:28 --> Undefined variable $result
in APPPATH\Views\userpg.php on line 138.
 1 APPPATH\Views\userpg.php(138): CodeIgniter\Debug\Exceptions->errorHandler(2, 'Undefined variable $result', 'C:\\xampp\\htdocs\\codeigniter\\app\\Views\\userpg.php', 138)
 2 SYSTEMPATH\View\View.php(213): include('C:\\xampp\\htdocs\\codeigniter\\app\\Views\\userpg.php')
 3 SYSTEMPATH\View\View.php(216): CodeIgniter\View\View->CodeIgniter\View\{closure}()
 4 SYSTEMPATH\Common.php(1184): CodeIgniter\View\View->render('userpg', [], true)
 5 APPPATH\Controllers\userpg.php(9): view('userpg')
 6 SYSTEMPATH\CodeIgniter.php(934): App\Controllers\userpg->index()
 7 SYSTEMPATH\CodeIgniter.php(499): CodeIgniter\CodeIgniter->runController(Object(App\Controllers\userpg))
 8 SYSTEMPATH\CodeIgniter.php(368): CodeIgniter\CodeIgniter->handleRequest(null, Object(Config\Cache), false)
 9 FCPATH\index.php(67): CodeIgniter\CodeIgniter->run()
CRITICAL - 2023-05-26 06:13:08 --> Undefined variable $result
in APPPATH\Views\userpg.php on line 138.
 1 APPPATH\Views\userpg.php(138): CodeIgniter\Debug\Exceptions->errorHandler(2, 'Undefined variable $result', 'C:\\xampp\\htdocs\\codeigniter\\app\\Views\\userpg.php', 138)
 2 SYSTEMPATH\View\View.php(213): include('C:\\xampp\\htdocs\\codeigniter\\app\\Views\\userpg.php')
 3 SYSTEMPATH\View\View.php(216): CodeIgniter\View\View->CodeIgniter\View\{closure}()
 4 SYSTEMPATH\Common.php(1184): CodeIgniter\View\View->render('userpg', [], true)
 5 APPPATH\Controllers\userpg.php(9): view('userpg')
 6 SYSTEMPATH\CodeIgniter.php(934): App\Controllers\userpg->index()
 7 SYSTEMPATH\CodeIgniter.php(499): CodeIgniter\CodeIgniter->runController(Object(App\Controllers\userpg))
 8 SYSTEMPATH\CodeIgniter.php(368): CodeIgniter\CodeIgniter->handleRequest(null, Object(Config\Cache), false)
 9 FCPATH\index.php(67): CodeIgniter\CodeIgniter->run()
CRITICAL - 2023-05-26 06:13:31 --> Undefined variable $result
in APPPATH\Views\userpg.php on line 138.
 1 APPPATH\Views\userpg.php(138): CodeIgniter\Debug\Exceptions->errorHandler(2, 'Undefined variable $result', 'C:\\xampp\\htdocs\\codeigniter\\app\\Views\\userpg.php', 138)
 2 SYSTEMPATH\View\View.php(213): include('C:\\xampp\\htdocs\\codeigniter\\app\\Views\\userpg.php')
 3 SYSTEMPATH\View\View.php(216): CodeIgniter\View\View->CodeIgniter\View\{closure}()
 4 SYSTEMPATH\Common.php(1184): CodeIgniter\View\View->render('userpg', [], true)
 5 APPPATH\Controllers\userpg.php(9): view('userpg')
 6 SYSTEMPATH\CodeIgniter.php(934): App\Controllers\userpg->index()
 7 SYSTEMPATH\CodeIgniter.php(499): CodeIgniter\CodeIgniter->runController(Object(App\Controllers\userpg))
 8 SYSTEMPATH\CodeIgniter.php(368): CodeIgniter\CodeIgniter->handleRequest(null, Object(Config\Cache), false)
 9 FCPATH\index.php(67): CodeIgniter\CodeIgniter->run()
CRITICAL - 2023-05-26 06:26:34 --> 1 is not a valid HTTP return status code
in SYSTEMPATH\HTTP\ResponseTrait.php on line 155.
 1 SYSTEMPATH\HTTP\ResponseTrait.php(155): CodeIgniter\HTTP\Exceptions\HTTPException::forInvalidStatusCode(1)
 2 SYSTEMPATH\HTTP\ResponseTrait.php(544): CodeIgniter\HTTP\Response->setStatusCode(1)
 3 SYSTEMPATH\HTTP\RedirectResponse.php(40): CodeIgniter\HTTP\Response->redirect('http://localhost/codeigniter/index.php/userpg', 'auto', 1)
 4 APPPATH\Controllers\userpg.php(16): CodeIgniter\HTTP\RedirectResponse->to('http://localhost/codeigniter/index.php/userpg', 1)
 5 SYSTEMPATH\CodeIgniter.php(934): App\Controllers\userpg->userop()
 6 SYSTEMPATH\CodeIgniter.php(499): CodeIgniter\CodeIgniter->runController(Object(App\Controllers\userpg))
 7 SYSTEMPATH\CodeIgniter.php(368): CodeIgniter\CodeIgniter->handleRequest(null, Object(Config\Cache), false)
 8 FCPATH\index.php(67): CodeIgniter\CodeIgniter->run()
CRITICAL - 2023-05-26 06:39:24 --> Undefined variable $result
in APPPATH\Views\userpg.php on line 138.
 1 APPPATH\Views\userpg.php(138): CodeIgniter\Debug\Exceptions->errorHandler(2, 'Undefined variable $result', 'C:\\xampp\\htdocs\\codeigniter\\app\\Views\\userpg.php', 138)
 2 SYSTEMPATH\View\View.php(213): include('C:\\xampp\\htdocs\\codeigniter\\app\\Views\\userpg.php')
 3 SYSTEMPATH\View\View.php(216): CodeIgniter\View\View->CodeIgniter\View\{closure}()
 4 SYSTEMPATH\Common.php(1184): CodeIgniter\View\View->render('userpg', [], true)
 5 APPPATH\Controllers\userpg.php(9): view('userpg')
 6 SYSTEMPATH\CodeIgniter.php(934): App\Controllers\userpg->index()
 7 SYSTEMPATH\CodeIgniter.php(499): CodeIgniter\CodeIgniter->runController(Object(App\Controllers\userpg))
 8 SYSTEMPATH\CodeIgniter.php(368): CodeIgniter\CodeIgniter->handleRequest(null, Object(Config\Cache), false)
 9 FCPATH\index.php(67): CodeIgniter\CodeIgniter->run()
CRITICAL - 2023-05-26 06:39:35 --> 1 is not a valid HTTP return status code
in SYSTEMPATH\HTTP\ResponseTrait.php on line 155.
 1 SYSTEMPATH\HTTP\ResponseTrait.php(155): CodeIgniter\HTTP\Exceptions\HTTPException::forInvalidStatusCode(1)
 2 SYSTEMPATH\HTTP\ResponseTrait.php(544): CodeIgniter\HTTP\Response->setStatusCode(1)
 3 SYSTEMPATH\HTTP\RedirectResponse.php(40): CodeIgniter\HTTP\Response->redirect('http://localhost/codeigniter/index.php/seller', 'auto', 1)
 4 APPPATH\Controllers\userpg.php(16): CodeIgniter\HTTP\RedirectResponse->to('http://localhost/codeigniter/index.php/seller', 1)
 5 SYSTEMPATH\CodeIgniter.php(934): App\Controllers\userpg->userop()
 6 SYSTEMPATH\CodeIgniter.php(499): CodeIgniter\CodeIgniter->runController(Object(App\Controllers\userpg))
 7 SYSTEMPATH\CodeIgniter.php(368): CodeIgniter\CodeIgniter->handleRequest(null, Object(Config\Cache), false)
 8 FCPATH\index.php(67): CodeIgniter\CodeIgniter->run()
CRITICAL - 2023-05-26 06:39:40 --> Undefined variable $result
in APPPATH\Views\userpg.php on line 138.
 1 APPPATH\Views\userpg.php(138): CodeIgniter\Debug\Exceptions->errorHandler(2, 'Undefined variable $result', 'C:\\xampp\\htdocs\\codeigniter\\app\\Views\\userpg.php', 138)
 2 SYSTEMPATH\View\View.php(213): include('C:\\xampp\\htdocs\\codeigniter\\app\\Views\\userpg.php')
 3 SYSTEMPATH\View\View.php(216): CodeIgniter\View\View->CodeIgniter\View\{closure}()
 4 SYSTEMPATH\Common.php(1184): CodeIgniter\View\View->render('userpg', [], true)
 5 APPPATH\Controllers\userpg.php(9): view('userpg')
 6 SYSTEMPATH\CodeIgniter.php(934): App\Controllers\userpg->index()
 7 SYSTEMPATH\CodeIgniter.php(499): CodeIgniter\CodeIgniter->runController(Object(App\Controllers\userpg))
 8 SYSTEMPATH\CodeIgniter.php(368): CodeIgniter\CodeIgniter->handleRequest(null, Object(Config\Cache), false)
 9 FCPATH\index.php(67): CodeIgniter\CodeIgniter->run()
CRITICAL - 2023-05-26 06:39:53 --> Undefined variable $result
in APPPATH\Views\userpg.php on line 138.
 1 APPPATH\Views\userpg.php(138): CodeIgniter\Debug\Exceptions->errorHandler(2, 'Undefined variable $result', 'C:\\xampp\\htdocs\\codeigniter\\app\\Views\\userpg.php', 138)
 2 SYSTEMPATH\View\View.php(213): include('C:\\xampp\\htdocs\\codeigniter\\app\\Views\\userpg.php')
 3 SYSTEMPATH\View\View.php(216): CodeIgniter\View\View->CodeIgniter\View\{closure}()
 4 SYSTEMPATH\Common.php(1184): CodeIgniter\View\View->render('userpg', [], true)
 5 APPPATH\Controllers\userpg.php(9): view('userpg')
 6 SYSTEMPATH\CodeIgniter.php(934): App\Controllers\userpg->index()
 7 SYSTEMPATH\CodeIgniter.php(499): CodeIgniter\CodeIgniter->runController(Object(App\Controllers\userpg))
 8 SYSTEMPATH\CodeIgniter.php(368): CodeIgniter\CodeIgniter->handleRequest(null, Object(Config\Cache), false)
 9 FCPATH\index.php(67): CodeIgniter\CodeIgniter->run()
CRITICAL - 2023-05-26 06:41:00 --> Undefined variable $result
in APPPATH\Views\userpg.php on line 138.
 1 APPPATH\Views\userpg.php(138): CodeIgniter\Debug\Exceptions->errorHandler(2, 'Undefined variable $result', 'C:\\xampp\\htdocs\\codeigniter\\app\\Views\\userpg.php', 138)
 2 SYSTEMPATH\View\View.php(213): include('C:\\xampp\\htdocs\\codeigniter\\app\\Views\\userpg.php')
 3 SYSTEMPATH\View\View.php(216): CodeIgniter\View\View->CodeIgniter\View\{closure}()
 4 SYSTEMPATH\Common.php(1184): CodeIgniter\View\View->render('userpg', [], true)
 5 APPPATH\Controllers\userpg.php(9): view('userpg')
 6 SYSTEMPATH\CodeIgniter.php(934): App\Controllers\userpg->index()
 7 SYSTEMPATH\CodeIgniter.php(499): CodeIgniter\CodeIgniter->runController(Object(App\Controllers\userpg))
 8 SYSTEMPATH\CodeIgniter.php(368): CodeIgniter\CodeIgniter->handleRequest(null, Object(Config\Cache), false)
 9 FCPATH\index.php(67): CodeIgniter\CodeIgniter->run()
CRITICAL - 2023-05-26 06:41:17 --> 1 is not a valid HTTP return status code
in SYSTEMPATH\HTTP\ResponseTrait.php on line 155.
 1 SYSTEMPATH\HTTP\ResponseTrait.php(155): CodeIgniter\HTTP\Exceptions\HTTPException::forInvalidStatusCode(1)
 2 SYSTEMPATH\HTTP\ResponseTrait.php(544): CodeIgniter\HTTP\Response->setStatusCode(1)
 3 SYSTEMPATH\HTTP\RedirectResponse.php(40): CodeIgniter\HTTP\Response->redirect('http://localhost/codeigniter/index.php/seller', 'auto', 1)
 4 APPPATH\Controllers\userpg.php(16): CodeIgniter\HTTP\RedirectResponse->to('http://localhost/codeigniter/index.php/seller', 1)
 5 SYSTEMPATH\CodeIgniter.php(934): App\Controllers\userpg->userop()
 6 SYSTEMPATH\CodeIgniter.php(499): CodeIgniter\CodeIgniter->runController(Object(App\Controllers\userpg))
 7 SYSTEMPATH\CodeIgniter.php(368): CodeIgniter\CodeIgniter->handleRequest(null, Object(Config\Cache), false)
 8 FCPATH\index.php(67): CodeIgniter\CodeIgniter->run()
CRITICAL - 2023-05-26 06:54:48 --> Undefined variable $result
in APPPATH\Views\userpg.php on line 138.
 1 APPPATH\Views\userpg.php(138): CodeIgniter\Debug\Exceptions->errorHandler(2, 'Undefined variable $result', 'C:\\xampp\\htdocs\\codeigniter\\app\\Views\\userpg.php', 138)
 2 SYSTEMPATH\View\View.php(213): include('C:\\xampp\\htdocs\\codeigniter\\app\\Views\\userpg.php')
 3 SYSTEMPATH\View\View.php(216): CodeIgniter\View\View->CodeIgniter\View\{closure}()
 4 SYSTEMPATH\Common.php(1184): CodeIgniter\View\View->render('userpg', [], true)
 5 APPPATH\Controllers\userpg.php(9): view('userpg')
 6 SYSTEMPATH\CodeIgniter.php(934): App\Controllers\userpg->index()
 7 SYSTEMPATH\CodeIgniter.php(499): CodeIgniter\CodeIgniter->runController(Object(App\Controllers\userpg))
 8 SYSTEMPATH\CodeIgniter.php(368): CodeIgniter\CodeIgniter->handleRequest(null, Object(Config\Cache), false)
 9 FCPATH\index.php(67): CodeIgniter\CodeIgniter->run()
CRITICAL - 2023-05-26 06:56:30 --> Undefined variable $result
in APPPATH\Views\userpg.php on line 138.
 1 APPPATH\Views\userpg.php(138): CodeIgniter\Debug\Exceptions->errorHandler(2, 'Undefined variable $result', 'C:\\xampp\\htdocs\\codeigniter\\app\\Views\\userpg.php', 138)
 2 SYSTEMPATH\View\View.php(213): include('C:\\xampp\\htdocs\\codeigniter\\app\\Views\\userpg.php')
 3 SYSTEMPATH\View\View.php(216): CodeIgniter\View\View->CodeIgniter\View\{closure}()
 4 SYSTEMPATH\Common.php(1184): CodeIgniter\View\View->render('userpg', [], true)
 5 APPPATH\Controllers\userpg.php(9): view('userpg')
 6 SYSTEMPATH\CodeIgniter.php(934): App\Controllers\userpg->index()
 7 SYSTEMPATH\CodeIgniter.php(499): CodeIgniter\CodeIgniter->runController(Object(App\Controllers\userpg))
 8 SYSTEMPATH\CodeIgniter.php(368): CodeIgniter\CodeIgniter->handleRequest(null, Object(Config\Cache), false)
 9 FCPATH\index.php(67): CodeIgniter\CodeIgniter->run()
CRITICAL - 2023-05-26 07:02:18 --> Undefined variable $result
in APPPATH\Views\userpg.php on line 137.
 1 APPPATH\Views\userpg.php(137): CodeIgniter\Debug\Exceptions->errorHandler(2, 'Undefined variable $result', 'C:\\xampp\\htdocs\\codeigniter\\app\\Views\\userpg.php', 137)
 2 SYSTEMPATH\View\View.php(213): include('C:\\xampp\\htdocs\\codeigniter\\app\\Views\\userpg.php')
 3 SYSTEMPATH\View\View.php(216): CodeIgniter\View\View->CodeIgniter\View\{closure}()
 4 SYSTEMPATH\Common.php(1184): CodeIgniter\View\View->render('userpg', [], true)
 5 APPPATH\Controllers\userpg.php(9): view('userpg')
 6 SYSTEMPATH\CodeIgniter.php(934): App\Controllers\userpg->index()
 7 SYSTEMPATH\CodeIgniter.php(499): CodeIgniter\CodeIgniter->runController(Object(App\Controllers\userpg))
 8 SYSTEMPATH\CodeIgniter.php(368): CodeIgniter\CodeIgniter->handleRequest(null, Object(Config\Cache), false)
 9 FCPATH\index.php(67): CodeIgniter\CodeIgniter->run()
CRITICAL - 2023-05-26 07:05:22 --> Undefined variable $result
in APPPATH\Views\userpg.php on line 137.
 1 APPPATH\Views\userpg.php(137): CodeIgniter\Debug\Exceptions->errorHandler(2, 'Undefined variable $result', 'C:\\xampp\\htdocs\\codeigniter\\app\\Views\\userpg.php', 137)
 2 SYSTEMPATH\View\View.php(213): include('C:\\xampp\\htdocs\\codeigniter\\app\\Views\\userpg.php')
 3 SYSTEMPATH\View\View.php(216): CodeIgniter\View\View->CodeIgniter\View\{closure}()
 4 SYSTEMPATH\Common.php(1184): CodeIgniter\View\View->render('userpg', [], true)
 5 APPPATH\Controllers\userpg.php(9): view('userpg')
 6 SYSTEMPATH\CodeIgniter.php(934): App\Controllers\userpg->index()
 7 SYSTEMPATH\CodeIgniter.php(499): CodeIgniter\CodeIgniter->runController(Object(App\Controllers\userpg))
 8 SYSTEMPATH\CodeIgniter.php(368): CodeIgniter\CodeIgniter->handleRequest(null, Object(Config\Cache), false)
 9 FCPATH\index.php(67): CodeIgniter\CodeIgniter->run()
CRITICAL - 2023-05-26 07:12:53 --> Undefined variable $result
in APPPATH\Views\userpg.php on line 137.
 1 APPPATH\Views\userpg.php(137): CodeIgniter\Debug\Exceptions->errorHandler(2, 'Undefined variable $result', 'C:\\xampp\\htdocs\\codeigniter\\app\\Views\\userpg.php', 137)
 2 SYSTEMPATH\View\View.php(213): include('C:\\xampp\\htdocs\\codeigniter\\app\\Views\\userpg.php')
 3 SYSTEMPATH\View\View.php(216): CodeIgniter\View\View->CodeIgniter\View\{closure}()
 4 SYSTEMPATH\Common.php(1184): CodeIgniter\View\View->render('userpg', [], true)
 5 APPPATH\Controllers\userpg.php(9): view('userpg')
 6 SYSTEMPATH\CodeIgniter.php(934): App\Controllers\userpg->index()
 7 SYSTEMPATH\CodeIgniter.php(499): CodeIgniter\CodeIgniter->runController(Object(App\Controllers\userpg))
 8 SYSTEMPATH\CodeIgniter.php(368): CodeIgniter\CodeIgniter->handleRequest(null, Object(Config\Cache), false)
 9 FCPATH\index.php(67): CodeIgniter\CodeIgniter->run()
CRITICAL - 2023-05-26 08:43:16 --> Undefined variable $result
in APPPATH\Views\userpg.php on line 132.
 1 APPPATH\Views\userpg.php(132): CodeIgniter\Debug\Exceptions->errorHandler(2, 'Undefined variable $result', 'C:\\xampp\\htdocs\\codeigniter\\app\\Views\\userpg.php', 132)
 2 SYSTEMPATH\View\View.php(213): include('C:\\xampp\\htdocs\\codeigniter\\app\\Views\\userpg.php')
 3 SYSTEMPATH\View\View.php(216): CodeIgniter\View\View->CodeIgniter\View\{closure}()
 4 SYSTEMPATH\Common.php(1184): CodeIgniter\View\View->render('userpg', [], true)
 5 APPPATH\Controllers\userpg.php(9): view('userpg')
 6 SYSTEMPATH\CodeIgniter.php(934): App\Controllers\userpg->index()
 7 SYSTEMPATH\CodeIgniter.php(499): CodeIgniter\CodeIgniter->runController(Object(App\Controllers\userpg))
 8 SYSTEMPATH\CodeIgniter.php(368): CodeIgniter\CodeIgniter->handleRequest(null, Object(Config\Cache), false)
 9 FCPATH\index.php(67): CodeIgniter\CodeIgniter->run()
CRITICAL - 2023-05-26 08:44:00 --> Undefined variable $result
in APPPATH\Views\userpg.php on line 132.
 1 APPPATH\Views\userpg.php(132): CodeIgniter\Debug\Exceptions->errorHandler(2, 'Undefined variable $result', 'C:\\xampp\\htdocs\\codeigniter\\app\\Views\\userpg.php', 132)
 2 SYSTEMPATH\View\View.php(213): include('C:\\xampp\\htdocs\\codeigniter\\app\\Views\\userpg.php')
 3 SYSTEMPATH\View\View.php(216): CodeIgniter\View\View->CodeIgniter\View\{closure}()
 4 SYSTEMPATH\Common.php(1184): CodeIgniter\View\View->render('userpg', [], true)
 5 APPPATH\Controllers\userpg.php(9): view('userpg')
 6 SYSTEMPATH\CodeIgniter.php(934): App\Controllers\userpg->index()
 7 SYSTEMPATH\CodeIgniter.php(499): CodeIgniter\CodeIgniter->runController(Object(App\Controllers\userpg))
 8 SYSTEMPATH\CodeIgniter.php(368): CodeIgniter\CodeIgniter->handleRequest(null, Object(Config\Cache), false)
 9 FCPATH\index.php(67): CodeIgniter\CodeIgniter->run()
CRITICAL - 2023-05-26 08:46:27 --> Undefined property: CodeIgniter\View\View::$uri
in APPPATH\Views\seller.php on line 121.
 1 APPPATH\Views\seller.php(121): CodeIgniter\Debug\Exceptions->errorHandler(2, 'Undefined property: CodeIgniter\\View\\View::$uri', 'C:\\xampp\\htdocs\\codeigniter\\app\\Views\\seller.php', 121)
 2 SYSTEMPATH\View\View.php(213): include('C:\\xampp\\htdocs\\codeigniter\\app\\Views\\seller.php')
 3 SYSTEMPATH\View\View.php(216): CodeIgniter\View\View->CodeIgniter\View\{closure}()
 4 SYSTEMPATH\Common.php(1184): CodeIgniter\View\View->render('seller', [], true)
 5 APPPATH\Controllers\seller.php(10): view('seller')
 6 SYSTEMPATH\CodeIgniter.php(934): App\Controllers\seller->index()
 7 SYSTEMPATH\CodeIgniter.php(499): CodeIgniter\CodeIgniter->runController(Object(App\Controllers\seller))
 8 SYSTEMPATH\CodeIgniter.php(368): CodeIgniter\CodeIgniter->handleRequest(null, Object(Config\Cache), false)
 9 FCPATH\index.php(67): CodeIgniter\CodeIgniter->run()
CRITICAL - 2023-05-26 08:46:48 --> Undefined property: CodeIgniter\View\View::$uri
in APPPATH\Views\seller.php on line 121.
 1 APPPATH\Views\seller.php(121): CodeIgniter\Debug\Exceptions->errorHandler(2, 'Undefined property: CodeIgniter\\View\\View::$uri', 'C:\\xampp\\htdocs\\codeigniter\\app\\Views\\seller.php', 121)
 2 SYSTEMPATH\View\View.php(213): include('C:\\xampp\\htdocs\\codeigniter\\app\\Views\\seller.php')
 3 SYSTEMPATH\View\View.php(216): CodeIgniter\View\View->CodeIgniter\View\{closure}()
 4 SYSTEMPATH\Common.php(1184): CodeIgniter\View\View->render('seller', [], true)
 5 APPPATH\Controllers\seller.php(10): view('seller')
 6 SYSTEMPATH\CodeIgniter.php(934): App\Controllers\seller->index()
 7 SYSTEMPATH\CodeIgniter.php(499): CodeIgniter\CodeIgniter->runController(Object(App\Controllers\seller))
 8 SYSTEMPATH\CodeIgniter.php(368): CodeIgniter\CodeIgniter->handleRequest(null, Object(Config\Cache), false)
 9 FCPATH\index.php(67): CodeIgniter\CodeIgniter->run()
CRITICAL - 2023-05-26 08:47:25 --> Undefined property: CodeIgniter\View\View::$input
in APPPATH\Views\seller.php on line 121.
 1 APPPATH\Views\seller.php(121): CodeIgniter\Debug\Exceptions->errorHandler(2, 'Undefined property: CodeIgniter\\View\\View::$input', 'C:\\xampp\\htdocs\\codeigniter\\app\\Views\\seller.php', 121)
 2 SYSTEMPATH\View\View.php(213): include('C:\\xampp\\htdocs\\codeigniter\\app\\Views\\seller.php')
 3 SYSTEMPATH\View\View.php(216): CodeIgniter\View\View->CodeIgniter\View\{closure}()
 4 SYSTEMPATH\Common.php(1184): CodeIgniter\View\View->render('seller', [], true)
 5 APPPATH\Controllers\seller.php(10): view('seller')
 6 SYSTEMPATH\CodeIgniter.php(934): App\Controllers\seller->index()
 7 SYSTEMPATH\CodeIgniter.php(499): CodeIgniter\CodeIgniter->runController(Object(App\Controllers\seller))
 8 SYSTEMPATH\CodeIgniter.php(368): CodeIgniter\CodeIgniter->handleRequest(null, Object(Config\Cache), false)
 9 FCPATH\index.php(67): CodeIgniter\CodeIgniter->run()
CRITICAL - 2023-05-26 08:50:03 --> Undefined property: CodeIgniter\View\View::$request
in APPPATH\Views\seller.php on line 121.
 1 APPPATH\Views\seller.php(121): CodeIgniter\Debug\Exceptions->errorHandler(2, 'Undefined property: CodeIgniter\\View\\View::$request', 'C:\\xampp\\htdocs\\codeigniter\\app\\Views\\seller.php', 121)
 2 SYSTEMPATH\View\View.php(213): include('C:\\xampp\\htdocs\\codeigniter\\app\\Views\\seller.php')
 3 SYSTEMPATH\View\View.php(216): CodeIgniter\View\View->CodeIgniter\View\{closure}()
 4 SYSTEMPATH\Common.php(1184): CodeIgniter\View\View->render('seller', [], true)
 5 APPPATH\Controllers\seller.php(10): view('seller')
 6 SYSTEMPATH\CodeIgniter.php(934): App\Controllers\seller->index()
 7 SYSTEMPATH\CodeIgniter.php(499): CodeIgniter\CodeIgniter->runController(Object(App\Controllers\seller))
 8 SYSTEMPATH\CodeIgniter.php(368): CodeIgniter\CodeIgniter->handleRequest(null, Object(Config\Cache), false)
 9 FCPATH\index.php(67): CodeIgniter\CodeIgniter->run()
CRITICAL - 2023-05-26 08:50:04 --> Undefined property: CodeIgniter\View\View::$request
in APPPATH\Views\seller.php on line 121.
 1 APPPATH\Views\seller.php(121): CodeIgniter\Debug\Exceptions->errorHandler(2, 'Undefined property: CodeIgniter\\View\\View::$request', 'C:\\xampp\\htdocs\\codeigniter\\app\\Views\\seller.php', 121)
 2 SYSTEMPATH\View\View.php(213): include('C:\\xampp\\htdocs\\codeigniter\\app\\Views\\seller.php')
 3 SYSTEMPATH\View\View.php(216): CodeIgniter\View\View->CodeIgniter\View\{closure}()
 4 SYSTEMPATH\Common.php(1184): CodeIgniter\View\View->render('seller', [], true)
 5 APPPATH\Controllers\seller.php(10): view('seller')
 6 SYSTEMPATH\CodeIgniter.php(934): App\Controllers\seller->index()
 7 SYSTEMPATH\CodeIgniter.php(499): CodeIgniter\CodeIgniter->runController(Object(App\Controllers\seller))
 8 SYSTEMPATH\CodeIgniter.php(368): CodeIgniter\CodeIgniter->handleRequest(null, Object(Config\Cache), false)
 9 FCPATH\index.php(67): CodeIgniter\CodeIgniter->run()
CRITICAL - 2023-05-26 08:50:04 --> Undefined property: CodeIgniter\View\View::$request
in APPPATH\Views\seller.php on line 121.
 1 APPPATH\Views\seller.php(121): CodeIgniter\Debug\Exceptions->errorHandler(2, 'Undefined property: CodeIgniter\\View\\View::$request', 'C:\\xampp\\htdocs\\codeigniter\\app\\Views\\seller.php', 121)
 2 SYSTEMPATH\View\View.php(213): include('C:\\xampp\\htdocs\\codeigniter\\app\\Views\\seller.php')
 3 SYSTEMPATH\View\View.php(216): CodeIgniter\View\View->CodeIgniter\View\{closure}()
 4 SYSTEMPATH\Common.php(1184): CodeIgniter\View\View->render('seller', [], true)
 5 APPPATH\Controllers\seller.php(10): view('seller')
 6 SYSTEMPATH\CodeIgniter.php(934): App\Controllers\seller->index()
 7 SYSTEMPATH\CodeIgniter.php(499): CodeIgniter\CodeIgniter->runController(Object(App\Controllers\seller))
 8 SYSTEMPATH\CodeIgniter.php(368): CodeIgniter\CodeIgniter->handleRequest(null, Object(Config\Cache), false)
 9 FCPATH\index.php(67): CodeIgniter\CodeIgniter->run()
CRITICAL - 2023-05-26 08:51:48 --> Undefined property: CodeIgniter\View\View::$load
in APPPATH\Views\seller.php on line 122.
 1 APPPATH\Views\seller.php(122): CodeIgniter\Debug\Exceptions->errorHandler(2, 'Undefined property: CodeIgniter\\View\\View::$load', 'C:\\xampp\\htdocs\\codeigniter\\app\\Views\\seller.php', 122)
 2 SYSTEMPATH\View\View.php(213): include('C:\\xampp\\htdocs\\codeigniter\\app\\Views\\seller.php')
 3 SYSTEMPATH\View\View.php(216): CodeIgniter\View\View->CodeIgniter\View\{closure}()
 4 SYSTEMPATH\Common.php(1184): CodeIgniter\View\View->render('seller', [], true)
 5 APPPATH\Controllers\seller.php(10): view('seller')
 6 SYSTEMPATH\CodeIgniter.php(934): App\Controllers\seller->index()
 7 SYSTEMPATH\CodeIgniter.php(499): CodeIgniter\CodeIgniter->runController(Object(App\Controllers\seller))
 8 SYSTEMPATH\CodeIgniter.php(368): CodeIgniter\CodeIgniter->handleRequest(null, Object(Config\Cache), false)
 9 FCPATH\index.php(67): CodeIgniter\CodeIgniter->run()
CRITICAL - 2023-05-26 09:00:37 --> Undefined variable $result
in APPPATH\Views\userpg.php on line 132.
 1 APPPATH\Views\userpg.php(132): CodeIgniter\Debug\Exceptions->errorHandler(2, 'Undefined variable $result', 'C:\\xampp\\htdocs\\codeigniter\\app\\Views\\userpg.php', 132)
 2 SYSTEMPATH\View\View.php(213): include('C:\\xampp\\htdocs\\codeigniter\\app\\Views\\userpg.php')
 3 SYSTEMPATH\View\View.php(216): CodeIgniter\View\View->CodeIgniter\View\{closure}()
 4 SYSTEMPATH\Common.php(1184): CodeIgniter\View\View->render('userpg', [], true)
 5 APPPATH\Controllers\userpg.php(9): view('userpg')
 6 SYSTEMPATH\CodeIgniter.php(934): App\Controllers\userpg->index()
 7 SYSTEMPATH\CodeIgniter.php(499): CodeIgniter\CodeIgniter->runController(Object(App\Controllers\userpg))
 8 SYSTEMPATH\CodeIgniter.php(368): CodeIgniter\CodeIgniter->handleRequest(null, Object(Config\Cache), false)
 9 FCPATH\index.php(67): CodeIgniter\CodeIgniter->run()
CRITICAL - 2023-05-26 09:00:51 --> Undefined variable $result
in APPPATH\Views\userpg.php on line 132.
 1 APPPATH\Views\userpg.php(132): CodeIgniter\Debug\Exceptions->errorHandler(2, 'Undefined variable $result', 'C:\\xampp\\htdocs\\codeigniter\\app\\Views\\userpg.php', 132)
 2 SYSTEMPATH\View\View.php(213): include('C:\\xampp\\htdocs\\codeigniter\\app\\Views\\userpg.php')
 3 SYSTEMPATH\View\View.php(216): CodeIgniter\View\View->CodeIgniter\View\{closure}()
 4 SYSTEMPATH\Common.php(1184): CodeIgniter\View\View->render('userpg', [], true)
 5 APPPATH\Controllers\userpg.php(9): view('userpg')
 6 SYSTEMPATH\CodeIgniter.php(934): App\Controllers\userpg->index()
 7 SYSTEMPATH\CodeIgniter.php(499): CodeIgniter\CodeIgniter->runController(Object(App\Controllers\userpg))
 8 SYSTEMPATH\CodeIgniter.php(368): CodeIgniter\CodeIgniter->handleRequest(null, Object(Config\Cache), false)
 9 FCPATH\index.php(67): CodeIgniter\CodeIgniter->run()
CRITICAL - 2023-05-26 09:17:48 --> Undefined variable $result
in APPPATH\Views\userpg.php on line 132.
 1 APPPATH\Views\userpg.php(132): CodeIgniter\Debug\Exceptions->errorHandler(2, 'Undefined variable $result', 'C:\\xampp\\htdocs\\codeigniter\\app\\Views\\userpg.php', 132)
 2 SYSTEMPATH\View\View.php(213): include('C:\\xampp\\htdocs\\codeigniter\\app\\Views\\userpg.php')
 3 SYSTEMPATH\View\View.php(216): CodeIgniter\View\View->CodeIgniter\View\{closure}()
 4 SYSTEMPATH\Common.php(1184): CodeIgniter\View\View->render('userpg', [], true)
 5 APPPATH\Controllers\userpg.php(9): view('userpg')
 6 SYSTEMPATH\CodeIgniter.php(934): App\Controllers\userpg->index()
 7 SYSTEMPATH\CodeIgniter.php(499): CodeIgniter\CodeIgniter->runController(Object(App\Controllers\userpg))
 8 SYSTEMPATH\CodeIgniter.php(368): CodeIgniter\CodeIgniter->handleRequest(null, Object(Config\Cache), false)
 9 FCPATH\index.php(67): CodeIgniter\CodeIgniter->run()
CRITICAL - 2023-05-26 09:18:18 --> Undefined variable $result
in APPPATH\Views\userpg.php on line 132.
 1 APPPATH\Views\userpg.php(132): CodeIgniter\Debug\Exceptions->errorHandler(2, 'Undefined variable $result', 'C:\\xampp\\htdocs\\codeigniter\\app\\Views\\userpg.php', 132)
 2 SYSTEMPATH\View\View.php(213): include('C:\\xampp\\htdocs\\codeigniter\\app\\Views\\userpg.php')
 3 SYSTEMPATH\View\View.php(216): CodeIgniter\View\View->CodeIgniter\View\{closure}()
 4 SYSTEMPATH\Common.php(1184): CodeIgniter\View\View->render('userpg', [], true)
 5 APPPATH\Controllers\userpg.php(9): view('userpg')
 6 SYSTEMPATH\CodeIgniter.php(934): App\Controllers\userpg->index()
 7 SYSTEMPATH\CodeIgniter.php(499): CodeIgniter\CodeIgniter->runController(Object(App\Controllers\userpg))
 8 SYSTEMPATH\CodeIgniter.php(368): CodeIgniter\CodeIgniter->handleRequest(null, Object(Config\Cache), false)
 9 FCPATH\index.php(67): CodeIgniter\CodeIgniter->run()
CRITICAL - 2023-05-26 09:18:25 --> Undefined variable $row
in APPPATH\Views\buyer.php on line 63.
 1 APPPATH\Views\buyer.php(63): CodeIgniter\Debug\Exceptions->errorHandler(2, 'Undefined variable $row', 'C:\\xampp\\htdocs\\codeigniter\\app\\Views\\buyer.php', 63)
 2 SYSTEMPATH\View\View.php(213): include('C:\\xampp\\htdocs\\codeigniter\\app\\Views\\buyer.php')
 3 SYSTEMPATH\View\View.php(216): CodeIgniter\View\View->CodeIgniter\View\{closure}()
 4 SYSTEMPATH\Common.php(1184): CodeIgniter\View\View->render('buyer', [], true)
 5 APPPATH\Controllers\buyer.php(10): view('buyer')
 6 SYSTEMPATH\CodeIgniter.php(934): App\Controllers\buyer->index()
 7 SYSTEMPATH\CodeIgniter.php(499): CodeIgniter\CodeIgniter->runController(Object(App\Controllers\buyer))
 8 SYSTEMPATH\CodeIgniter.php(368): CodeIgniter\CodeIgniter->handleRequest(null, Object(Config\Cache), false)
 9 FCPATH\index.php(67): CodeIgniter\CodeIgniter->run()
CRITICAL - 2023-05-26 09:18:53 --> Undefined variable $row
in APPPATH\Views\buyer.php on line 63.
 1 APPPATH\Views\buyer.php(63): CodeIgniter\Debug\Exceptions->errorHandler(2, 'Undefined variable $row', 'C:\\xampp\\htdocs\\codeigniter\\app\\Views\\buyer.php', 63)
 2 SYSTEMPATH\View\View.php(213): include('C:\\xampp\\htdocs\\codeigniter\\app\\Views\\buyer.php')
 3 SYSTEMPATH\View\View.php(216): CodeIgniter\View\View->CodeIgniter\View\{closure}()
 4 SYSTEMPATH\Common.php(1184): CodeIgniter\View\View->render('buyer', [], true)
 5 APPPATH\Controllers\buyer.php(10): view('buyer')
 6 SYSTEMPATH\CodeIgniter.php(934): App\Controllers\buyer->index()
 7 SYSTEMPATH\CodeIgniter.php(499): CodeIgniter\CodeIgniter->runController(Object(App\Controllers\buyer))
 8 SYSTEMPATH\CodeIgniter.php(368): CodeIgniter\CodeIgniter->handleRequest(null, Object(Config\Cache), false)
 9 FCPATH\index.php(67): CodeIgniter\CodeIgniter->run()
CRITICAL - 2023-05-26 09:18:55 --> Undefined variable $row
in APPPATH\Views\buyer.php on line 63.
 1 APPPATH\Views\buyer.php(63): CodeIgniter\Debug\Exceptions->errorHandler(2, 'Undefined variable $row', 'C:\\xampp\\htdocs\\codeigniter\\app\\Views\\buyer.php', 63)
 2 SYSTEMPATH\View\View.php(213): include('C:\\xampp\\htdocs\\codeigniter\\app\\Views\\buyer.php')
 3 SYSTEMPATH\View\View.php(216): CodeIgniter\View\View->CodeIgniter\View\{closure}()
 4 SYSTEMPATH\Common.php(1184): CodeIgniter\View\View->render('buyer', [], true)
 5 APPPATH\Controllers\buyer.php(10): view('buyer')
 6 SYSTEMPATH\CodeIgniter.php(934): App\Controllers\buyer->index()
 7 SYSTEMPATH\CodeIgniter.php(499): CodeIgniter\CodeIgniter->runController(Object(App\Controllers\buyer))
 8 SYSTEMPATH\CodeIgniter.php(368): CodeIgniter\CodeIgniter->handleRequest(null, Object(Config\Cache), false)
 9 FCPATH\index.php(67): CodeIgniter\CodeIgniter->run()
CRITICAL - 2023-05-26 09:18:58 --> Undefined variable $result
in APPPATH\Views\userpg.php on line 132.
 1 APPPATH\Views\userpg.php(132): CodeIgniter\Debug\Exceptions->errorHandler(2, 'Undefined variable $result', 'C:\\xampp\\htdocs\\codeigniter\\app\\Views\\userpg.php', 132)
 2 SYSTEMPATH\View\View.php(213): include('C:\\xampp\\htdocs\\codeigniter\\app\\Views\\userpg.php')
 3 SYSTEMPATH\View\View.php(216): CodeIgniter\View\View->CodeIgniter\View\{closure}()
 4 SYSTEMPATH\Common.php(1184): CodeIgniter\View\View->render('userpg', [], true)
 5 APPPATH\Controllers\userpg.php(9): view('userpg')
 6 SYSTEMPATH\CodeIgniter.php(934): App\Controllers\userpg->index()
 7 SYSTEMPATH\CodeIgniter.php(499): CodeIgniter\CodeIgniter->runController(Object(App\Controllers\userpg))
 8 SYSTEMPATH\CodeIgniter.php(368): CodeIgniter\CodeIgniter->handleRequest(null, Object(Config\Cache), false)
 9 FCPATH\index.php(67): CodeIgniter\CodeIgniter->run()
CRITICAL - 2023-05-26 09:19:08 --> Undefined variable $row
in APPPATH\Views\buyer.php on line 63.
 1 APPPATH\Views\buyer.php(63): CodeIgniter\Debug\Exceptions->errorHandler(2, 'Undefined variable $row', 'C:\\xampp\\htdocs\\codeigniter\\app\\Views\\buyer.php', 63)
 2 SYSTEMPATH\View\View.php(213): include('C:\\xampp\\htdocs\\codeigniter\\app\\Views\\buyer.php')
 3 SYSTEMPATH\View\View.php(216): CodeIgniter\View\View->CodeIgniter\View\{closure}()
 4 SYSTEMPATH\Common.php(1184): CodeIgniter\View\View->render('buyer', [], true)
 5 APPPATH\Controllers\buyer.php(10): view('buyer')
 6 SYSTEMPATH\CodeIgniter.php(934): App\Controllers\buyer->index()
 7 SYSTEMPATH\CodeIgniter.php(499): CodeIgniter\CodeIgniter->runController(Object(App\Controllers\buyer))
 8 SYSTEMPATH\CodeIgniter.php(368): CodeIgniter\CodeIgniter->handleRequest(null, Object(Config\Cache), false)
 9 FCPATH\index.php(67): CodeIgniter\CodeIgniter->run()
CRITICAL - 2023-05-26 09:25:56 --> Undefined variable $result
in APPPATH\Views\userpg.php on line 132.
 1 APPPATH\Views\userpg.php(132): CodeIgniter\Debug\Exceptions->errorHandler(2, 'Undefined variable $result', 'C:\\xampp\\htdocs\\codeigniter\\app\\Views\\userpg.php', 132)
 2 SYSTEMPATH\View\View.php(213): include('C:\\xampp\\htdocs\\codeigniter\\app\\Views\\userpg.php')
 3 SYSTEMPATH\View\View.php(216): CodeIgniter\View\View->CodeIgniter\View\{closure}()
 4 SYSTEMPATH\Common.php(1184): CodeIgniter\View\View->render('userpg', [], true)
 5 APPPATH\Controllers\userpg.php(9): view('userpg')
 6 SYSTEMPATH\CodeIgniter.php(934): App\Controllers\userpg->index()
 7 SYSTEMPATH\CodeIgniter.php(499): CodeIgniter\CodeIgniter->runController(Object(App\Controllers\userpg))
 8 SYSTEMPATH\CodeIgniter.php(368): CodeIgniter\CodeIgniter->handleRequest(null, Object(Config\Cache), false)
 9 FCPATH\index.php(67): CodeIgniter\CodeIgniter->run()
CRITICAL - 2023-05-26 09:26:08 --> Undefined variable $result
in APPPATH\Views\userpg.php on line 132.
 1 APPPATH\Views\userpg.php(132): CodeIgniter\Debug\Exceptions->errorHandler(2, 'Undefined variable $result', 'C:\\xampp\\htdocs\\codeigniter\\app\\Views\\userpg.php', 132)
 2 SYSTEMPATH\View\View.php(213): include('C:\\xampp\\htdocs\\codeigniter\\app\\Views\\userpg.php')
 3 SYSTEMPATH\View\View.php(216): CodeIgniter\View\View->CodeIgniter\View\{closure}()
 4 SYSTEMPATH\Common.php(1184): CodeIgniter\View\View->render('userpg', [], true)
 5 APPPATH\Controllers\userpg.php(9): view('userpg')
 6 SYSTEMPATH\CodeIgniter.php(934): App\Controllers\userpg->index()
 7 SYSTEMPATH\CodeIgniter.php(499): CodeIgniter\CodeIgniter->runController(Object(App\Controllers\userpg))
 8 SYSTEMPATH\CodeIgniter.php(368): CodeIgniter\CodeIgniter->handleRequest(null, Object(Config\Cache), false)
 9 FCPATH\index.php(67): CodeIgniter\CodeIgniter->run()
CRITICAL - 2023-05-26 10:25:33 --> Undefined property: App\Controllers\seller::$upload
in APPPATH\Controllers\seller.php on line 22.
 1 APPPATH\Controllers\seller.php(22): CodeIgniter\Debug\Exceptions->errorHandler(2, 'Undefined property: App\\Controllers\\seller::$upload', 'C:\\xampp\\htdocs\\codeigniter\\app\\Controllers\\seller.php', 22)
 2 SYSTEMPATH\CodeIgniter.php(934): App\Controllers\seller->sell()
 3 SYSTEMPATH\CodeIgniter.php(499): CodeIgniter\CodeIgniter->runController(Object(App\Controllers\seller))
 4 SYSTEMPATH\CodeIgniter.php(368): CodeIgniter\CodeIgniter->handleRequest(null, Object(Config\Cache), false)
 5 FCPATH\index.php(67): CodeIgniter\CodeIgniter->run()
CRITICAL - 2023-05-26 10:29:53 --> Undefined property: App\Controllers\seller::$load
in APPPATH\Controllers\seller.php on line 28.
 1 APPPATH\Controllers\seller.php(28): CodeIgniter\Debug\Exceptions->errorHandler(2, 'Undefined property: App\\Controllers\\seller::$load', 'C:\\xampp\\htdocs\\codeigniter\\app\\Controllers\\seller.php', 28)
 2 SYSTEMPATH\CodeIgniter.php(934): App\Controllers\seller->sell()
 3 SYSTEMPATH\CodeIgniter.php(499): CodeIgniter\CodeIgniter->runController(Object(App\Controllers\seller))
 4 SYSTEMPATH\CodeIgniter.php(368): CodeIgniter\CodeIgniter->handleRequest(null, Object(Config\Cache), false)
 5 FCPATH\index.php(67): CodeIgniter\CodeIgniter->run()
CRITICAL - 2023-05-26 11:18:45 --> move_uploaded_file(Uploads/demo.jpeg): Failed to open stream: No such file or directory
in APPPATH\Controllers\seller.php on line 23.
 1 [internal function]: CodeIgniter\Debug\Exceptions->errorHandler(2, 'move_uploaded_file(Uploads/demo.jpeg): Failed to open stream: No such file or directory', 'C:\\xampp\\htdocs\\codeigniter\\app\\Controllers\\seller.php', 23)
 2 APPPATH\Controllers\seller.php(23): move_uploaded_file('C:\\xampp\\tmp\\php879D.tmp', 'Uploads/demo.jpeg')
 3 SYSTEMPATH\CodeIgniter.php(934): App\Controllers\seller->sell()
 4 SYSTEMPATH\CodeIgniter.php(499): CodeIgniter\CodeIgniter->runController(Object(App\Controllers\seller))
 5 SYSTEMPATH\CodeIgniter.php(368): CodeIgniter\CodeIgniter->handleRequest(null, Object(Config\Cache), false)
 6 FCPATH\index.php(67): CodeIgniter\CodeIgniter->run()
CRITICAL - 2023-05-26 11:20:40 --> move_uploaded_file(Uploads/demo.jpeg): Failed to open stream: No such file or directory
in APPPATH\Controllers\seller.php on line 23.
 1 [internal function]: CodeIgniter\Debug\Exceptions->errorHandler(2, 'move_uploaded_file(Uploads/demo.jpeg): Failed to open stream: No such file or directory', 'C:\\xampp\\htdocs\\codeigniter\\app\\Controllers\\seller.php', 23)
 2 APPPATH\Controllers\seller.php(23): move_uploaded_file('C:\\xampp\\tmp\\php4ADA.tmp', 'Uploads/demo.jpeg')
 3 SYSTEMPATH\CodeIgniter.php(934): App\Controllers\seller->sell()
 4 SYSTEMPATH\CodeIgniter.php(499): CodeIgniter\CodeIgniter->runController(Object(App\Controllers\seller))
 5 SYSTEMPATH\CodeIgniter.php(368): CodeIgniter\CodeIgniter->handleRequest(null, Object(Config\Cache), false)
 6 FCPATH\index.php(67): CodeIgniter\CodeIgniter->run()
CRITICAL - 2023-05-26 11:41:47 --> Invalid file: "seller.php"
in SYSTEMPATH\Exceptions\FrameworkException.php on line 33.
 1 SYSTEMPATH\View\View.php(201): CodeIgniter\Exceptions\FrameworkException::forInvalidFile('seller.php')
 2 SYSTEMPATH\Common.php(1184): CodeIgniter\View\View->render('seller', [], true)
 3 APPPATH\Controllers\seller.php(10): view('seller')
 4 SYSTEMPATH\CodeIgniter.php(934): App\Controllers\seller->index()
 5 SYSTEMPATH\CodeIgniter.php(499): CodeIgniter\CodeIgniter->runController(Object(App\Controllers\seller))
 6 SYSTEMPATH\CodeIgniter.php(368): CodeIgniter\CodeIgniter->handleRequest(null, Object(Config\Cache), false)
 7 FCPATH\index.php(67): CodeIgniter\CodeIgniter->run()
CRITICAL - 2023-05-26 11:41:50 --> Invalid file: "userpg.php"
in SYSTEMPATH\Exceptions\FrameworkException.php on line 33.
 1 SYSTEMPATH\View\View.php(201): CodeIgniter\Exceptions\FrameworkException::forInvalidFile('userpg.php')
 2 SYSTEMPATH\Common.php(1184): CodeIgniter\View\View->render('userpg', [], true)
 3 APPPATH\Controllers\userpg.php(9): view('userpg')
 4 SYSTEMPATH\CodeIgniter.php(934): App\Controllers\userpg->index()
 5 SYSTEMPATH\CodeIgniter.php(499): CodeIgniter\CodeIgniter->runController(Object(App\Controllers\userpg))
 6 SYSTEMPATH\CodeIgniter.php(368): CodeIgniter\CodeIgniter->handleRequest(null, Object(Config\Cache), false)
 7 FCPATH\index.php(67): CodeIgniter\CodeIgniter->run()
CRITICAL - 2023-05-26 11:41:51 --> Invalid file: "login.php"
in SYSTEMPATH\Exceptions\FrameworkException.php on line 33.
 1 SYSTEMPATH\View\View.php(201): CodeIgniter\Exceptions\FrameworkException::forInvalidFile('login.php')
 2 SYSTEMPATH\Common.php(1184): CodeIgniter\View\View->render('login', [], true)
 3 APPPATH\Controllers\login.php(10): view('login')
 4 SYSTEMPATH\CodeIgniter.php(934): App\Controllers\login->index()
 5 SYSTEMPATH\CodeIgniter.php(499): CodeIgniter\CodeIgniter->runController(Object(App\Controllers\login))
 6 SYSTEMPATH\CodeIgniter.php(368): CodeIgniter\CodeIgniter->handleRequest(null, Object(Config\Cache), false)
 7 FCPATH\index.php(67): CodeIgniter\CodeIgniter->run()
CRITICAL - 2023-05-26 11:41:56 --> Invalid file: "login.php"
in SYSTEMPATH\Exceptions\FrameworkException.php on line 33.
 1 SYSTEMPATH\View\View.php(201): CodeIgniter\Exceptions\FrameworkException::forInvalidFile('login.php')
 2 SYSTEMPATH\Common.php(1184): CodeIgniter\View\View->render('login', [], true)
 3 APPPATH\Controllers\login.php(10): view('login')
 4 SYSTEMPATH\CodeIgniter.php(934): App\Controllers\login->index()
 5 SYSTEMPATH\CodeIgniter.php(499): CodeIgniter\CodeIgniter->runController(Object(App\Controllers\login))
 6 SYSTEMPATH\CodeIgniter.php(368): CodeIgniter\CodeIgniter->handleRequest(null, Object(Config\Cache), false)
 7 FCPATH\index.php(67): CodeIgniter\CodeIgniter->run()
CRITICAL - 2023-05-26 11:42:30 --> Invalid file: "login.php"
in SYSTEMPATH\Exceptions\FrameworkException.php on line 33.
 1 SYSTEMPATH\View\View.php(201): CodeIgniter\Exceptions\FrameworkException::forInvalidFile('login.php')
 2 SYSTEMPATH\Common.php(1184): CodeIgniter\View\View->render('login', [], true)
 3 APPPATH\Controllers\login.php(10): view('login')
 4 SYSTEMPATH\CodeIgniter.php(934): App\Controllers\login->index()
 5 SYSTEMPATH\CodeIgniter.php(499): CodeIgniter\CodeIgniter->runController(Object(App\Controllers\login))
 6 SYSTEMPATH\CodeIgniter.php(368): CodeIgniter\CodeIgniter->handleRequest(null, Object(Config\Cache), false)
 7 FCPATH\index.php(67): CodeIgniter\CodeIgniter->run()
CRITICAL - 2023-05-26 11:42:33 --> Invalid file: "login.php"
in SYSTEMPATH\Exceptions\FrameworkException.php on line 33.
 1 SYSTEMPATH\View\View.php(201): CodeIgniter\Exceptions\FrameworkException::forInvalidFile('login.php')
 2 SYSTEMPATH\Common.php(1184): CodeIgniter\View\View->render('login', [], true)
 3 APPPATH\Controllers\login.php(10): view('login')
 4 SYSTEMPATH\CodeIgniter.php(934): App\Controllers\login->index()
 5 SYSTEMPATH\CodeIgniter.php(499): CodeIgniter\CodeIgniter->runController(Object(App\Controllers\login))
 6 SYSTEMPATH\CodeIgniter.php(368): CodeIgniter\CodeIgniter->handleRequest(null, Object(Config\Cache), false)
 7 FCPATH\index.php(67): CodeIgniter\CodeIgniter->run()
CRITICAL - 2023-05-26 11:49:46 --> move_uploaded_file(): The second argument to copy() function cannot be a directory
in APPPATH\Controllers\seller.php on line 23.
 1 [internal function]: CodeIgniter\Debug\Exceptions->errorHandler(2, 'move_uploaded_file(): The second argument to copy() function cannot be a directory', 'C:\\xampp\\htdocs\\codeigniter\\app\\Controllers\\seller.php', 23)
 2 APPPATH\Controllers\seller.php(23): move_uploaded_file('C:\\xampp\\tmp\\phpEF1F.tmp', 'Upload/Images/')
 3 SYSTEMPATH\CodeIgniter.php(934): App\Controllers\seller->sell()
 4 SYSTEMPATH\CodeIgniter.php(499): CodeIgniter\CodeIgniter->runController(Object(App\Controllers\seller))
 5 SYSTEMPATH\CodeIgniter.php(368): CodeIgniter\CodeIgniter->handleRequest(null, Object(Config\Cache), false)
 6 FCPATH\index.php(67): CodeIgniter\CodeIgniter->run()
