CRITICAL - 2023-05-29 03:58:25 --> Undefined variable $result
in APPPATH\Views\userpg.php on line 132.
 1 APPPATH\Views\userpg.php(132): CodeIgniter\Debug\Exceptions->errorHandler(2, 'Undefined variable $result', 'C:\\xampp\\htdocs\\codeigniter\\app\\Views\\userpg.php', 132)
 2 SYSTEMPATH\View\View.php(213): include('C:\\xampp\\htdocs\\codeigniter\\app\\Views\\userpg.php')
 3 SYSTEMPATH\View\View.php(216): CodeIgniter\View\View->CodeIgniter\View\{closure}()
 4 SYSTEMPATH\Common.php(1184): CodeIgniter\View\View->render('userpg', [], true)
 5 APPPATH\Controllers\userpg.php(9): view('userpg')
 6 SYSTEMPATH\CodeIgniter.php(934): App\Controllers\userpg->index()
 7 SYSTEMPATH\CodeIgniter.php(499): CodeIgniter\CodeIgniter->runController(Object(App\Controllers\userpg))
 8 SYSTEMPATH\CodeIgniter.php(368): CodeIgniter\CodeIgniter->handleRequest(null, Object(Config\Cache), false)
 9 FCPATH\index.php(67): CodeIgniter\CodeIgniter->run()
CRITICAL - 2023-05-29 03:58:40 --> Undefined variable $result
in APPPATH\Views\userpg.php on line 132.
 1 APPPATH\Views\userpg.php(132): CodeIgniter\Debug\Exceptions->errorHandler(2, 'Undefined variable $result', 'C:\\xampp\\htdocs\\codeigniter\\app\\Views\\userpg.php', 132)
 2 SYSTEMPATH\View\View.php(213): include('C:\\xampp\\htdocs\\codeigniter\\app\\Views\\userpg.php')
 3 SYSTEMPATH\View\View.php(216): CodeIgniter\View\View->CodeIgniter\View\{closure}()
 4 SYSTEMPATH\Common.php(1184): CodeIgniter\View\View->render('userpg', [], true)
 5 APPPATH\Controllers\userpg.php(9): view('userpg')
 6 SYSTEMPATH\CodeIgniter.php(934): App\Controllers\userpg->index()
 7 SYSTEMPATH\CodeIgniter.php(499): CodeIgniter\CodeIgniter->runController(Object(App\Controllers\userpg))
 8 SYSTEMPATH\CodeIgniter.php(368): CodeIgniter\CodeIgniter->handleRequest(null, Object(Config\Cache), false)
 9 FCPATH\index.php(67): CodeIgniter\CodeIgniter->run()
CRITICAL - 2023-05-29 04:02:58 --> Undefined variable $id
in APPPATH\Views\seller.php on line 125.
 1 APPPATH\Views\seller.php(125): CodeIgniter\Debug\Exceptions->errorHandler(2, 'Undefined variable $id', 'C:\\xampp\\htdocs\\codeigniter\\app\\Views\\seller.php', 125)
 2 SYSTEMPATH\View\View.php(213): include('C:\\xampp\\htdocs\\codeigniter\\app\\Views\\seller.php')
 3 SYSTEMPATH\View\View.php(216): CodeIgniter\View\View->CodeIgniter\View\{closure}()
 4 SYSTEMPATH\Common.php(1184): CodeIgniter\View\View->render('seller', [], true)
 5 APPPATH\Controllers\seller.php(10): view('seller')
 6 SYSTEMPATH\CodeIgniter.php(934): App\Controllers\seller->index()
 7 SYSTEMPATH\CodeIgniter.php(499): CodeIgniter\CodeIgniter->runController(Object(App\Controllers\seller))
 8 SYSTEMPATH\CodeIgniter.php(368): CodeIgniter\CodeIgniter->handleRequest(null, Object(Config\Cache), false)
 9 FCPATH\index.php(67): CodeIgniter\CodeIgniter->run()
CRITICAL - 2023-05-29 04:03:39 --> Undefined variable $result
in APPPATH\Views\userpg.php on line 132.
 1 APPPATH\Views\userpg.php(132): CodeIgniter\Debug\Exceptions->errorHandler(2, 'Undefined variable $result', 'C:\\xampp\\htdocs\\codeigniter\\app\\Views\\userpg.php', 132)
 2 SYSTEMPATH\View\View.php(213): include('C:\\xampp\\htdocs\\codeigniter\\app\\Views\\userpg.php')
 3 SYSTEMPATH\View\View.php(216): CodeIgniter\View\View->CodeIgniter\View\{closure}()
 4 SYSTEMPATH\Common.php(1184): CodeIgniter\View\View->render('userpg', [], true)
 5 APPPATH\Controllers\userpg.php(9): view('userpg')
 6 SYSTEMPATH\CodeIgniter.php(934): App\Controllers\userpg->index()
 7 SYSTEMPATH\CodeIgniter.php(499): CodeIgniter\CodeIgniter->runController(Object(App\Controllers\userpg))
 8 SYSTEMPATH\CodeIgniter.php(368): CodeIgniter\CodeIgniter->handleRequest(null, Object(Config\Cache), false)
 9 FCPATH\index.php(67): CodeIgniter\CodeIgniter->run()
CRITICAL - 2023-05-29 04:28:07 --> Undefined variable $result
in APPPATH\Views\userpg.php on line 132.
 1 APPPATH\Views\userpg.php(132): CodeIgniter\Debug\Exceptions->errorHandler(2, 'Undefined variable $result', 'C:\\xampp\\htdocs\\codeigniter\\app\\Views\\userpg.php', 132)
 2 SYSTEMPATH\View\View.php(213): include('C:\\xampp\\htdocs\\codeigniter\\app\\Views\\userpg.php')
 3 SYSTEMPATH\View\View.php(216): CodeIgniter\View\View->CodeIgniter\View\{closure}()
 4 SYSTEMPATH\Common.php(1184): CodeIgniter\View\View->render('userpg', [], true)
 5 APPPATH\Controllers\userpg.php(9): view('userpg')
 6 SYSTEMPATH\CodeIgniter.php(934): App\Controllers\userpg->index()
 7 SYSTEMPATH\CodeIgniter.php(499): CodeIgniter\CodeIgniter->runController(Object(App\Controllers\userpg))
 8 SYSTEMPATH\CodeIgniter.php(368): CodeIgniter\CodeIgniter->handleRequest(null, Object(Config\Cache), false)
 9 FCPATH\index.php(67): CodeIgniter\CodeIgniter->run()
CRITICAL - 2023-05-29 04:31:50 --> Array to string conversion
in APPPATH\Views\adminpg.php on line 128.
 1 APPPATH\Views\adminpg.php(128): CodeIgniter\Debug\Exceptions->errorHandler(2, 'Array to string conversion', 'C:\\xampp\\htdocs\\codeigniter\\app\\Views\\adminpg.php', 128)
 2 SYSTEMPATH\View\View.php(213): include('C:\\xampp\\htdocs\\codeigniter\\app\\Views\\adminpg.php')
 3 SYSTEMPATH\View\View.php(216): CodeIgniter\View\View->CodeIgniter\View\{closure}()
 4 SYSTEMPATH\Common.php(1184): CodeIgniter\View\View->render('adminpg', [], true)
 5 APPPATH\Controllers\adminpg.php(10): view('adminpg')
 6 SYSTEMPATH\CodeIgniter.php(934): App\Controllers\adminpg->index()
 7 SYSTEMPATH\CodeIgniter.php(499): CodeIgniter\CodeIgniter->runController(Object(App\Controllers\adminpg))
 8 SYSTEMPATH\CodeIgniter.php(368): CodeIgniter\CodeIgniter->handleRequest(null, Object(Config\Cache), false)
 9 FCPATH\index.php(67): CodeIgniter\CodeIgniter->run()
CRITICAL - 2023-05-29 04:32:35 --> Undefined variable $result
in APPPATH\Views\adminpg.php on line 128.
 1 APPPATH\Views\adminpg.php(128): CodeIgniter\Debug\Exceptions->errorHandler(2, 'Undefined variable $result', 'C:\\xampp\\htdocs\\codeigniter\\app\\Views\\adminpg.php', 128)
 2 SYSTEMPATH\View\View.php(213): include('C:\\xampp\\htdocs\\codeigniter\\app\\Views\\adminpg.php')
 3 SYSTEMPATH\View\View.php(216): CodeIgniter\View\View->CodeIgniter\View\{closure}()
 4 SYSTEMPATH\Common.php(1184): CodeIgniter\View\View->render('adminpg', [], true)
 5 APPPATH\Controllers\adminpg.php(10): view('adminpg')
 6 SYSTEMPATH\CodeIgniter.php(934): App\Controllers\adminpg->index()
 7 SYSTEMPATH\CodeIgniter.php(499): CodeIgniter\CodeIgniter->runController(Object(App\Controllers\adminpg))
 8 SYSTEMPATH\CodeIgniter.php(368): CodeIgniter\CodeIgniter->handleRequest(null, Object(Config\Cache), false)
 9 FCPATH\index.php(67): CodeIgniter\CodeIgniter->run()
CRITICAL - 2023-05-29 04:48:21 --> Undefined variable $result
in APPPATH\Views\userpg.php on line 132.
 1 APPPATH\Views\userpg.php(132): CodeIgniter\Debug\Exceptions->errorHandler(2, 'Undefined variable $result', 'C:\\xampp\\htdocs\\codeigniter\\app\\Views\\userpg.php', 132)
 2 SYSTEMPATH\View\View.php(213): include('C:\\xampp\\htdocs\\codeigniter\\app\\Views\\userpg.php')
 3 SYSTEMPATH\View\View.php(216): CodeIgniter\View\View->CodeIgniter\View\{closure}()
 4 SYSTEMPATH\Common.php(1184): CodeIgniter\View\View->render('userpg', [], true)
 5 APPPATH\Controllers\userpg.php(9): view('userpg')
 6 SYSTEMPATH\CodeIgniter.php(934): App\Controllers\userpg->index()
 7 SYSTEMPATH\CodeIgniter.php(499): CodeIgniter\CodeIgniter->runController(Object(App\Controllers\userpg))
 8 SYSTEMPATH\CodeIgniter.php(368): CodeIgniter\CodeIgniter->handleRequest(null, Object(Config\Cache), false)
 9 FCPATH\index.php(67): CodeIgniter\CodeIgniter->run()
CRITICAL - 2023-05-29 04:52:04 --> Undefined variable $result
in APPPATH\Views\adminpg.php on line 133.
 1 APPPATH\Views\adminpg.php(133): CodeIgniter\Debug\Exceptions->errorHandler(2, 'Undefined variable $result', 'C:\\xampp\\htdocs\\codeigniter\\app\\Views\\adminpg.php', 133)
 2 SYSTEMPATH\View\View.php(213): include('C:\\xampp\\htdocs\\codeigniter\\app\\Views\\adminpg.php')
 3 SYSTEMPATH\View\View.php(216): CodeIgniter\View\View->CodeIgniter\View\{closure}()
 4 SYSTEMPATH\Common.php(1184): CodeIgniter\View\View->render('adminpg', [], true)
 5 APPPATH\Controllers\adminpg.php(10): view('adminpg')
 6 SYSTEMPATH\CodeIgniter.php(934): App\Controllers\adminpg->index()
 7 SYSTEMPATH\CodeIgniter.php(499): CodeIgniter\CodeIgniter->runController(Object(App\Controllers\adminpg))
 8 SYSTEMPATH\CodeIgniter.php(368): CodeIgniter\CodeIgniter->handleRequest(null, Object(Config\Cache), false)
 9 FCPATH\index.php(67): CodeIgniter\CodeIgniter->run()
CRITICAL - 2023-05-29 04:52:11 --> Undefined variable $result
in APPPATH\Views\adminpg.php on line 133.
 1 APPPATH\Views\adminpg.php(133): CodeIgniter\Debug\Exceptions->errorHandler(2, 'Undefined variable $result', 'C:\\xampp\\htdocs\\codeigniter\\app\\Views\\adminpg.php', 133)
 2 SYSTEMPATH\View\View.php(213): include('C:\\xampp\\htdocs\\codeigniter\\app\\Views\\adminpg.php')
 3 SYSTEMPATH\View\View.php(216): CodeIgniter\View\View->CodeIgniter\View\{closure}()
 4 SYSTEMPATH\Common.php(1184): CodeIgniter\View\View->render('adminpg', [], true)
 5 APPPATH\Controllers\adminpg.php(10): view('adminpg')
 6 SYSTEMPATH\CodeIgniter.php(934): App\Controllers\adminpg->index()
 7 SYSTEMPATH\CodeIgniter.php(499): CodeIgniter\CodeIgniter->runController(Object(App\Controllers\adminpg))
 8 SYSTEMPATH\CodeIgniter.php(368): CodeIgniter\CodeIgniter->handleRequest(null, Object(Config\Cache), false)
 9 FCPATH\index.php(67): CodeIgniter\CodeIgniter->run()
CRITICAL - 2023-05-29 05:05:00 --> Undefined variable $result
in APPPATH\Views\adminpg.php on line 133.
 1 APPPATH\Views\adminpg.php(133): CodeIgniter\Debug\Exceptions->errorHandler(2, 'Undefined variable $result', 'C:\\xampp\\htdocs\\codeigniter\\app\\Views\\adminpg.php', 133)
 2 SYSTEMPATH\View\View.php(213): include('C:\\xampp\\htdocs\\codeigniter\\app\\Views\\adminpg.php')
 3 SYSTEMPATH\View\View.php(216): CodeIgniter\View\View->CodeIgniter\View\{closure}()
 4 SYSTEMPATH\Common.php(1184): CodeIgniter\View\View->render('adminpg', [], true)
 5 APPPATH\Controllers\adminpg.php(10): view('adminpg')
 6 SYSTEMPATH\CodeIgniter.php(934): App\Controllers\adminpg->index()
 7 SYSTEMPATH\CodeIgniter.php(499): CodeIgniter\CodeIgniter->runController(Object(App\Controllers\adminpg))
 8 SYSTEMPATH\CodeIgniter.php(368): CodeIgniter\CodeIgniter->handleRequest(null, Object(Config\Cache), false)
 9 FCPATH\index.php(67): CodeIgniter\CodeIgniter->run()
CRITICAL - 2023-05-29 05:05:11 --> Undefined variable $users
in APPPATH\Views\admin_user.php on line 84.
 1 APPPATH\Views\admin_user.php(84): CodeIgniter\Debug\Exceptions->errorHandler(2, 'Undefined variable $users', 'C:\\xampp\\htdocs\\codeigniter\\app\\Views\\admin_user.php', 84)
 2 SYSTEMPATH\View\View.php(213): include('C:\\xampp\\htdocs\\codeigniter\\app\\Views\\admin_user.php')
 3 SYSTEMPATH\View\View.php(216): CodeIgniter\View\View->CodeIgniter\View\{closure}()
 4 SYSTEMPATH\Common.php(1184): CodeIgniter\View\View->render('admin_user', [], true)
 5 APPPATH\Controllers\admin_user.php(10): view('admin_user')
 6 SYSTEMPATH\CodeIgniter.php(934): App\Controllers\admin_user->index()
 7 SYSTEMPATH\CodeIgniter.php(499): CodeIgniter\CodeIgniter->runController(Object(App\Controllers\admin_user))
 8 SYSTEMPATH\CodeIgniter.php(368): CodeIgniter\CodeIgniter->handleRequest(null, Object(Config\Cache), false)
 9 FCPATH\index.php(67): CodeIgniter\CodeIgniter->run()
CRITICAL - 2023-05-29 05:06:06 --> Undefined variable $result
in APPPATH\Views\adminpg.php on line 133.
 1 APPPATH\Views\adminpg.php(133): CodeIgniter\Debug\Exceptions->errorHandler(2, 'Undefined variable $result', 'C:\\xampp\\htdocs\\codeigniter\\app\\Views\\adminpg.php', 133)
 2 SYSTEMPATH\View\View.php(213): include('C:\\xampp\\htdocs\\codeigniter\\app\\Views\\adminpg.php')
 3 SYSTEMPATH\View\View.php(216): CodeIgniter\View\View->CodeIgniter\View\{closure}()
 4 SYSTEMPATH\Common.php(1184): CodeIgniter\View\View->render('adminpg', [], true)
 5 APPPATH\Controllers\adminpg.php(10): view('adminpg')
 6 SYSTEMPATH\CodeIgniter.php(934): App\Controllers\adminpg->index()
 7 SYSTEMPATH\CodeIgniter.php(499): CodeIgniter\CodeIgniter->runController(Object(App\Controllers\adminpg))
 8 SYSTEMPATH\CodeIgniter.php(368): CodeIgniter\CodeIgniter->handleRequest(null, Object(Config\Cache), false)
 9 FCPATH\index.php(67): CodeIgniter\CodeIgniter->run()
CRITICAL - 2023-05-29 05:15:11 --> Undefined array key "Id"
in APPPATH\Views\adminpg.php on line 136.
 1 APPPATH\Views\adminpg.php(136): CodeIgniter\Debug\Exceptions->errorHandler(2, 'Undefined array key "Id"', 'C:\\xampp\\htdocs\\codeigniter\\app\\Views\\adminpg.php', 136)
 2 SYSTEMPATH\View\View.php(213): include('C:\\xampp\\htdocs\\codeigniter\\app\\Views\\adminpg.php')
 3 SYSTEMPATH\View\View.php(216): CodeIgniter\View\View->CodeIgniter\View\{closure}()
 4 SYSTEMPATH\Common.php(1184): CodeIgniter\View\View->render('adminpg', [], true)
 5 APPPATH\Controllers\adminpg.php(10): view('adminpg')
 6 SYSTEMPATH\CodeIgniter.php(934): App\Controllers\adminpg->index()
 7 SYSTEMPATH\CodeIgniter.php(499): CodeIgniter\CodeIgniter->runController(Object(App\Controllers\adminpg))
 8 SYSTEMPATH\CodeIgniter.php(368): CodeIgniter\CodeIgniter->handleRequest(null, Object(Config\Cache), false)
 9 FCPATH\index.php(67): CodeIgniter\CodeIgniter->run()
CRITICAL - 2023-05-29 05:15:38 --> Undefined variable $result
in APPPATH\Views\adminpg.php on line 137.
 1 APPPATH\Views\adminpg.php(137): CodeIgniter\Debug\Exceptions->errorHandler(2, 'Undefined variable $result', 'C:\\xampp\\htdocs\\codeigniter\\app\\Views\\adminpg.php', 137)
 2 SYSTEMPATH\View\View.php(213): include('C:\\xampp\\htdocs\\codeigniter\\app\\Views\\adminpg.php')
 3 SYSTEMPATH\View\View.php(216): CodeIgniter\View\View->CodeIgniter\View\{closure}()
 4 SYSTEMPATH\Common.php(1184): CodeIgniter\View\View->render('adminpg', [], true)
 5 APPPATH\Controllers\adminpg.php(10): view('adminpg')
 6 SYSTEMPATH\CodeIgniter.php(934): App\Controllers\adminpg->index()
 7 SYSTEMPATH\CodeIgniter.php(499): CodeIgniter\CodeIgniter->runController(Object(App\Controllers\adminpg))
 8 SYSTEMPATH\CodeIgniter.php(368): CodeIgniter\CodeIgniter->handleRequest(null, Object(Config\Cache), false)
 9 FCPATH\index.php(67): CodeIgniter\CodeIgniter->run()
CRITICAL - 2023-05-29 05:21:27 --> Undefined variable $result
in APPPATH\Views\adminpg.php on line 137.
 1 APPPATH\Views\adminpg.php(137): CodeIgniter\Debug\Exceptions->errorHandler(2, 'Undefined variable $result', 'C:\\xampp\\htdocs\\codeigniter\\app\\Views\\adminpg.php', 137)
 2 SYSTEMPATH\View\View.php(213): include('C:\\xampp\\htdocs\\codeigniter\\app\\Views\\adminpg.php')
 3 SYSTEMPATH\View\View.php(216): CodeIgniter\View\View->CodeIgniter\View\{closure}()
 4 SYSTEMPATH\Common.php(1184): CodeIgniter\View\View->render('adminpg', [], true)
 5 APPPATH\Controllers\adminpg.php(10): view('adminpg')
 6 SYSTEMPATH\CodeIgniter.php(934): App\Controllers\adminpg->index()
 7 SYSTEMPATH\CodeIgniter.php(499): CodeIgniter\CodeIgniter->runController(Object(App\Controllers\adminpg))
 8 SYSTEMPATH\CodeIgniter.php(368): CodeIgniter\CodeIgniter->handleRequest(null, Object(Config\Cache), false)
 9 FCPATH\index.php(67): CodeIgniter\CodeIgniter->run()
CRITICAL - 2023-05-29 05:22:57 --> Undefined array key "Id"
in APPPATH\Views\adminpg.php on line 146.
 1 APPPATH\Views\adminpg.php(146): CodeIgniter\Debug\Exceptions->errorHandler(2, 'Undefined array key "Id"', 'C:\\xampp\\htdocs\\codeigniter\\app\\Views\\adminpg.php', 146)
 2 SYSTEMPATH\View\View.php(213): include('C:\\xampp\\htdocs\\codeigniter\\app\\Views\\adminpg.php')
 3 SYSTEMPATH\View\View.php(216): CodeIgniter\View\View->CodeIgniter\View\{closure}()
 4 SYSTEMPATH\Common.php(1184): CodeIgniter\View\View->render('adminpg', [], true)
 5 APPPATH\Controllers\adminpg.php(10): view('adminpg')
 6 SYSTEMPATH\CodeIgniter.php(934): App\Controllers\adminpg->index()
 7 SYSTEMPATH\CodeIgniter.php(499): CodeIgniter\CodeIgniter->runController(Object(App\Controllers\adminpg))
 8 SYSTEMPATH\CodeIgniter.php(368): CodeIgniter\CodeIgniter->handleRequest(null, Object(Config\Cache), false)
 9 FCPATH\index.php(67): CodeIgniter\CodeIgniter->run()
CRITICAL - 2023-05-29 05:44:52 --> Undefined array key "Id"
in APPPATH\Views\adminpg.php on line 154.
 1 APPPATH\Views\adminpg.php(154): CodeIgniter\Debug\Exceptions->errorHandler(2, 'Undefined array key "Id"', 'C:\\xampp\\htdocs\\codeigniter\\app\\Views\\adminpg.php', 154)
 2 SYSTEMPATH\View\View.php(213): include('C:\\xampp\\htdocs\\codeigniter\\app\\Views\\adminpg.php')
 3 SYSTEMPATH\View\View.php(216): CodeIgniter\View\View->CodeIgniter\View\{closure}()
 4 SYSTEMPATH\Common.php(1184): CodeIgniter\View\View->render('adminpg', [], true)
 5 APPPATH\Controllers\adminpg.php(10): view('adminpg')
 6 SYSTEMPATH\CodeIgniter.php(934): App\Controllers\adminpg->index()
 7 SYSTEMPATH\CodeIgniter.php(499): CodeIgniter\CodeIgniter->runController(Object(App\Controllers\adminpg))
 8 SYSTEMPATH\CodeIgniter.php(368): CodeIgniter\CodeIgniter->handleRequest(null, Object(Config\Cache), false)
 9 FCPATH\index.php(67): CodeIgniter\CodeIgniter->run()
CRITICAL - 2023-05-29 05:45:02 --> Undefined variable $result
in APPPATH\Views\adminpg.php on line 154.
 1 APPPATH\Views\adminpg.php(154): CodeIgniter\Debug\Exceptions->errorHandler(2, 'Undefined variable $result', 'C:\\xampp\\htdocs\\codeigniter\\app\\Views\\adminpg.php', 154)
 2 SYSTEMPATH\View\View.php(213): include('C:\\xampp\\htdocs\\codeigniter\\app\\Views\\adminpg.php')
 3 SYSTEMPATH\View\View.php(216): CodeIgniter\View\View->CodeIgniter\View\{closure}()
 4 SYSTEMPATH\Common.php(1184): CodeIgniter\View\View->render('adminpg', [], true)
 5 APPPATH\Controllers\adminpg.php(10): view('adminpg')
 6 SYSTEMPATH\CodeIgniter.php(934): App\Controllers\adminpg->index()
 7 SYSTEMPATH\CodeIgniter.php(499): CodeIgniter\CodeIgniter->runController(Object(App\Controllers\adminpg))
 8 SYSTEMPATH\CodeIgniter.php(368): CodeIgniter\CodeIgniter->handleRequest(null, Object(Config\Cache), false)
 9 FCPATH\index.php(67): CodeIgniter\CodeIgniter->run()
CRITICAL - 2023-05-29 06:02:20 --> Undefined array key "Name"
in APPPATH\Views\admin_car.php on line 25.
 1 APPPATH\Views\admin_car.php(25): CodeIgniter\Debug\Exceptions->errorHandler(2, 'Undefined array key "Name"', 'C:\\xampp\\htdocs\\codeigniter\\app\\Views\\admin_car.php', 25)
 2 SYSTEMPATH\View\View.php(213): include('C:\\xampp\\htdocs\\codeigniter\\app\\Views\\admin_car.php')
 3 SYSTEMPATH\View\View.php(216): CodeIgniter\View\View->CodeIgniter\View\{closure}()
 4 SYSTEMPATH\Common.php(1184): CodeIgniter\View\View->render('admin_car', [], true)
 5 APPPATH\Controllers\admin_car.php(19): view('admin_car', [...])
 6 SYSTEMPATH\CodeIgniter.php(934): App\Controllers\admin_car->index()
 7 SYSTEMPATH\CodeIgniter.php(499): CodeIgniter\CodeIgniter->runController(Object(App\Controllers\admin_car))
 8 SYSTEMPATH\CodeIgniter.php(368): CodeIgniter\CodeIgniter->handleRequest(null, Object(Config\Cache), false)
 9 FCPATH\index.php(67): CodeIgniter\CodeIgniter->run()
CRITICAL - 2023-05-29 06:06:02 --> Undefined array key "Id"
in APPPATH\Views\adminpg.php on line 154.
 1 APPPATH\Views\adminpg.php(154): CodeIgniter\Debug\Exceptions->errorHandler(2, 'Undefined array key "Id"', 'C:\\xampp\\htdocs\\codeigniter\\app\\Views\\adminpg.php', 154)
 2 SYSTEMPATH\View\View.php(213): include('C:\\xampp\\htdocs\\codeigniter\\app\\Views\\adminpg.php')
 3 SYSTEMPATH\View\View.php(216): CodeIgniter\View\View->CodeIgniter\View\{closure}()
 4 SYSTEMPATH\Common.php(1184): CodeIgniter\View\View->render('adminpg', [], true)
 5 APPPATH\Controllers\adminpg.php(10): view('adminpg')
 6 SYSTEMPATH\CodeIgniter.php(934): App\Controllers\adminpg->index()
 7 SYSTEMPATH\CodeIgniter.php(499): CodeIgniter\CodeIgniter->runController(Object(App\Controllers\adminpg))
 8 SYSTEMPATH\CodeIgniter.php(368): CodeIgniter\CodeIgniter->handleRequest(null, Object(Config\Cache), false)
 9 FCPATH\index.php(67): CodeIgniter\CodeIgniter->run()
CRITICAL - 2023-05-29 06:38:30 --> Undefined array key "Id"
in APPPATH\Views\adminpg.php on line 154.
 1 APPPATH\Views\adminpg.php(154): CodeIgniter\Debug\Exceptions->errorHandler(2, 'Undefined array key "Id"', 'C:\\xampp\\htdocs\\codeigniter\\app\\Views\\adminpg.php', 154)
 2 SYSTEMPATH\View\View.php(213): include('C:\\xampp\\htdocs\\codeigniter\\app\\Views\\adminpg.php')
 3 SYSTEMPATH\View\View.php(216): CodeIgniter\View\View->CodeIgniter\View\{closure}()
 4 SYSTEMPATH\Common.php(1184): CodeIgniter\View\View->render('adminpg', [], true)
 5 APPPATH\Controllers\adminpg.php(10): view('adminpg')
 6 SYSTEMPATH\CodeIgniter.php(934): App\Controllers\adminpg->index()
 7 SYSTEMPATH\CodeIgniter.php(499): CodeIgniter\CodeIgniter->runController(Object(App\Controllers\adminpg))
 8 SYSTEMPATH\CodeIgniter.php(368): CodeIgniter\CodeIgniter->handleRequest(null, Object(Config\Cache), false)
 9 FCPATH\index.php(67): CodeIgniter\CodeIgniter->run()
CRITICAL - 2023-05-29 06:38:41 --> Undefined variable $result
in APPPATH\Views\buyer.php on line 68.
 1 APPPATH\Views\buyer.php(68): CodeIgniter\Debug\Exceptions->errorHandler(2, 'Undefined variable $result', 'C:\\xampp\\htdocs\\codeigniter\\app\\Views\\buyer.php', 68)
 2 SYSTEMPATH\View\View.php(213): include('C:\\xampp\\htdocs\\codeigniter\\app\\Views\\buyer.php')
 3 SYSTEMPATH\View\View.php(216): CodeIgniter\View\View->CodeIgniter\View\{closure}()
 4 SYSTEMPATH\Common.php(1184): CodeIgniter\View\View->render('buyer', [], true)
 5 APPPATH\Controllers\buyer.php(10): view('buyer')
 6 SYSTEMPATH\CodeIgniter.php(934): App\Controllers\buyer->index()
 7 SYSTEMPATH\CodeIgniter.php(499): CodeIgniter\CodeIgniter->runController(Object(App\Controllers\buyer))
 8 SYSTEMPATH\CodeIgniter.php(368): CodeIgniter\CodeIgniter->handleRequest(null, Object(Config\Cache), false)
 9 FCPATH\index.php(67): CodeIgniter\CodeIgniter->run()
CRITICAL - 2023-05-29 06:39:11 --> Undefined variable $result
in APPPATH\Views\buyer.php on line 68.
 1 APPPATH\Views\buyer.php(68): CodeIgniter\Debug\Exceptions->errorHandler(2, 'Undefined variable $result', 'C:\\xampp\\htdocs\\codeigniter\\app\\Views\\buyer.php', 68)
 2 SYSTEMPATH\View\View.php(213): include('C:\\xampp\\htdocs\\codeigniter\\app\\Views\\buyer.php')
 3 SYSTEMPATH\View\View.php(216): CodeIgniter\View\View->CodeIgniter\View\{closure}()
 4 SYSTEMPATH\Common.php(1184): CodeIgniter\View\View->render('buyer', [], true)
 5 APPPATH\Controllers\buyer.php(10): view('buyer')
 6 SYSTEMPATH\CodeIgniter.php(934): App\Controllers\buyer->index()
 7 SYSTEMPATH\CodeIgniter.php(499): CodeIgniter\CodeIgniter->runController(Object(App\Controllers\buyer))
 8 SYSTEMPATH\CodeIgniter.php(368): CodeIgniter\CodeIgniter->handleRequest(null, Object(Config\Cache), false)
 9 FCPATH\index.php(67): CodeIgniter\CodeIgniter->run()
CRITICAL - 2023-05-29 06:39:13 --> Undefined variable $result
in APPPATH\Views\userpg.php on line 154.
 1 APPPATH\Views\userpg.php(154): CodeIgniter\Debug\Exceptions->errorHandler(2, 'Undefined variable $result', 'C:\\xampp\\htdocs\\codeigniter\\app\\Views\\userpg.php', 154)
 2 SYSTEMPATH\View\View.php(213): include('C:\\xampp\\htdocs\\codeigniter\\app\\Views\\userpg.php')
 3 SYSTEMPATH\View\View.php(216): CodeIgniter\View\View->CodeIgniter\View\{closure}()
 4 SYSTEMPATH\Common.php(1184): CodeIgniter\View\View->render('userpg', [], true)
 5 APPPATH\Controllers\userpg.php(9): view('userpg')
 6 SYSTEMPATH\CodeIgniter.php(934): App\Controllers\userpg->index()
 7 SYSTEMPATH\CodeIgniter.php(499): CodeIgniter\CodeIgniter->runController(Object(App\Controllers\userpg))
 8 SYSTEMPATH\CodeIgniter.php(368): CodeIgniter\CodeIgniter->handleRequest(null, Object(Config\Cache), false)
 9 FCPATH\index.php(67): CodeIgniter\CodeIgniter->run()
CRITICAL - 2023-05-29 06:39:20 --> Undefined variable $result
in APPPATH\Views\buyer.php on line 68.
 1 APPPATH\Views\buyer.php(68): CodeIgniter\Debug\Exceptions->errorHandler(2, 'Undefined variable $result', 'C:\\xampp\\htdocs\\codeigniter\\app\\Views\\buyer.php', 68)
 2 SYSTEMPATH\View\View.php(213): include('C:\\xampp\\htdocs\\codeigniter\\app\\Views\\buyer.php')
 3 SYSTEMPATH\View\View.php(216): CodeIgniter\View\View->CodeIgniter\View\{closure}()
 4 SYSTEMPATH\Common.php(1184): CodeIgniter\View\View->render('buyer', [], true)
 5 APPPATH\Controllers\buyer.php(10): view('buyer')
 6 SYSTEMPATH\CodeIgniter.php(934): App\Controllers\buyer->index()
 7 SYSTEMPATH\CodeIgniter.php(499): CodeIgniter\CodeIgniter->runController(Object(App\Controllers\buyer))
 8 SYSTEMPATH\CodeIgniter.php(368): CodeIgniter\CodeIgniter->handleRequest(null, Object(Config\Cache), false)
 9 FCPATH\index.php(67): CodeIgniter\CodeIgniter->run()
CRITICAL - 2023-05-29 06:39:33 --> Undefined variable $result
in APPPATH\Views\userpg.php on line 154.
 1 APPPATH\Views\userpg.php(154): CodeIgniter\Debug\Exceptions->errorHandler(2, 'Undefined variable $result', 'C:\\xampp\\htdocs\\codeigniter\\app\\Views\\userpg.php', 154)
 2 SYSTEMPATH\View\View.php(213): include('C:\\xampp\\htdocs\\codeigniter\\app\\Views\\userpg.php')
 3 SYSTEMPATH\View\View.php(216): CodeIgniter\View\View->CodeIgniter\View\{closure}()
 4 SYSTEMPATH\Common.php(1184): CodeIgniter\View\View->render('userpg', [], true)
 5 APPPATH\Controllers\userpg.php(9): view('userpg')
 6 SYSTEMPATH\CodeIgniter.php(934): App\Controllers\userpg->index()
 7 SYSTEMPATH\CodeIgniter.php(499): CodeIgniter\CodeIgniter->runController(Object(App\Controllers\userpg))
 8 SYSTEMPATH\CodeIgniter.php(368): CodeIgniter\CodeIgniter->handleRequest(null, Object(Config\Cache), false)
 9 FCPATH\index.php(67): CodeIgniter\CodeIgniter->run()
CRITICAL - 2023-05-29 06:39:43 --> Undefined variable $result
in APPPATH\Views\buyer.php on line 68.
 1 APPPATH\Views\buyer.php(68): CodeIgniter\Debug\Exceptions->errorHandler(2, 'Undefined variable $result', 'C:\\xampp\\htdocs\\codeigniter\\app\\Views\\buyer.php', 68)
 2 SYSTEMPATH\View\View.php(213): include('C:\\xampp\\htdocs\\codeigniter\\app\\Views\\buyer.php')
 3 SYSTEMPATH\View\View.php(216): CodeIgniter\View\View->CodeIgniter\View\{closure}()
 4 SYSTEMPATH\Common.php(1184): CodeIgniter\View\View->render('buyer', [], true)
 5 APPPATH\Controllers\buyer.php(10): view('buyer')
 6 SYSTEMPATH\CodeIgniter.php(934): App\Controllers\buyer->index()
 7 SYSTEMPATH\CodeIgniter.php(499): CodeIgniter\CodeIgniter->runController(Object(App\Controllers\buyer))
 8 SYSTEMPATH\CodeIgniter.php(368): CodeIgniter\CodeIgniter->handleRequest(null, Object(Config\Cache), false)
 9 FCPATH\index.php(67): CodeIgniter\CodeIgniter->run()
CRITICAL - 2023-05-29 06:41:45 --> Undefined variable $result
in APPPATH\Views\userpg.php on line 154.
 1 APPPATH\Views\userpg.php(154): CodeIgniter\Debug\Exceptions->errorHandler(2, 'Undefined variable $result', 'C:\\xampp\\htdocs\\codeigniter\\app\\Views\\userpg.php', 154)
 2 SYSTEMPATH\View\View.php(213): include('C:\\xampp\\htdocs\\codeigniter\\app\\Views\\userpg.php')
 3 SYSTEMPATH\View\View.php(216): CodeIgniter\View\View->CodeIgniter\View\{closure}()
 4 SYSTEMPATH\Common.php(1184): CodeIgniter\View\View->render('userpg', [], true)
 5 APPPATH\Controllers\userpg.php(9): view('userpg')
 6 SYSTEMPATH\CodeIgniter.php(934): App\Controllers\userpg->index()
 7 SYSTEMPATH\CodeIgniter.php(499): CodeIgniter\CodeIgniter->runController(Object(App\Controllers\userpg))
 8 SYSTEMPATH\CodeIgniter.php(368): CodeIgniter\CodeIgniter->handleRequest(null, Object(Config\Cache), false)
 9 FCPATH\index.php(67): CodeIgniter\CodeIgniter->run()
CRITICAL - 2023-05-29 06:41:51 --> Undefined variable $result
in APPPATH\Views\buyer.php on line 68.
 1 APPPATH\Views\buyer.php(68): CodeIgniter\Debug\Exceptions->errorHandler(2, 'Undefined variable $result', 'C:\\xampp\\htdocs\\codeigniter\\app\\Views\\buyer.php', 68)
 2 SYSTEMPATH\View\View.php(213): include('C:\\xampp\\htdocs\\codeigniter\\app\\Views\\buyer.php')
 3 SYSTEMPATH\View\View.php(216): CodeIgniter\View\View->CodeIgniter\View\{closure}()
 4 SYSTEMPATH\Common.php(1184): CodeIgniter\View\View->render('buyer', [], true)
 5 APPPATH\Controllers\buyer.php(10): view('buyer')
 6 SYSTEMPATH\CodeIgniter.php(934): App\Controllers\buyer->index()
 7 SYSTEMPATH\CodeIgniter.php(499): CodeIgniter\CodeIgniter->runController(Object(App\Controllers\buyer))
 8 SYSTEMPATH\CodeIgniter.php(368): CodeIgniter\CodeIgniter->handleRequest(null, Object(Config\Cache), false)
 9 FCPATH\index.php(67): CodeIgniter\CodeIgniter->run()
CRITICAL - 2023-05-29 06:43:27 --> Undefined variable $result
in APPPATH\Views\userpg.php on line 154.
 1 APPPATH\Views\userpg.php(154): CodeIgniter\Debug\Exceptions->errorHandler(2, 'Undefined variable $result', 'C:\\xampp\\htdocs\\codeigniter\\app\\Views\\userpg.php', 154)
 2 SYSTEMPATH\View\View.php(213): include('C:\\xampp\\htdocs\\codeigniter\\app\\Views\\userpg.php')
 3 SYSTEMPATH\View\View.php(216): CodeIgniter\View\View->CodeIgniter\View\{closure}()
 4 SYSTEMPATH\Common.php(1184): CodeIgniter\View\View->render('userpg', [], true)
 5 APPPATH\Controllers\userpg.php(9): view('userpg')
 6 SYSTEMPATH\CodeIgniter.php(934): App\Controllers\userpg->index()
 7 SYSTEMPATH\CodeIgniter.php(499): CodeIgniter\CodeIgniter->runController(Object(App\Controllers\userpg))
 8 SYSTEMPATH\CodeIgniter.php(368): CodeIgniter\CodeIgniter->handleRequest(null, Object(Config\Cache), false)
 9 FCPATH\index.php(67): CodeIgniter\CodeIgniter->run()
CRITICAL - 2023-05-29 06:43:35 --> Undefined variable $result
in APPPATH\Views\buyer.php on line 68.
 1 APPPATH\Views\buyer.php(68): CodeIgniter\Debug\Exceptions->errorHandler(2, 'Undefined variable $result', 'C:\\xampp\\htdocs\\codeigniter\\app\\Views\\buyer.php', 68)
 2 SYSTEMPATH\View\View.php(213): include('C:\\xampp\\htdocs\\codeigniter\\app\\Views\\buyer.php')
 3 SYSTEMPATH\View\View.php(216): CodeIgniter\View\View->CodeIgniter\View\{closure}()
 4 SYSTEMPATH\Common.php(1184): CodeIgniter\View\View->render('buyer', [], true)
 5 APPPATH\Controllers\buyer.php(10): view('buyer')
 6 SYSTEMPATH\CodeIgniter.php(934): App\Controllers\buyer->index()
 7 SYSTEMPATH\CodeIgniter.php(499): CodeIgniter\CodeIgniter->runController(Object(App\Controllers\buyer))
 8 SYSTEMPATH\CodeIgniter.php(368): CodeIgniter\CodeIgniter->handleRequest(null, Object(Config\Cache), false)
 9 FCPATH\index.php(67): CodeIgniter\CodeIgniter->run()
CRITICAL - 2023-05-29 06:47:05 --> Undefined variable $result
in APPPATH\Views\userpg.php on line 154.
 1 APPPATH\Views\userpg.php(154): CodeIgniter\Debug\Exceptions->errorHandler(2, 'Undefined variable $result', 'C:\\xampp\\htdocs\\codeigniter\\app\\Views\\userpg.php', 154)
 2 SYSTEMPATH\View\View.php(213): include('C:\\xampp\\htdocs\\codeigniter\\app\\Views\\userpg.php')
 3 SYSTEMPATH\View\View.php(216): CodeIgniter\View\View->CodeIgniter\View\{closure}()
 4 SYSTEMPATH\Common.php(1184): CodeIgniter\View\View->render('userpg', [], true)
 5 APPPATH\Controllers\userpg.php(9): view('userpg')
 6 SYSTEMPATH\CodeIgniter.php(934): App\Controllers\userpg->index()
 7 SYSTEMPATH\CodeIgniter.php(499): CodeIgniter\CodeIgniter->runController(Object(App\Controllers\userpg))
 8 SYSTEMPATH\CodeIgniter.php(368): CodeIgniter\CodeIgniter->handleRequest(null, Object(Config\Cache), false)
 9 FCPATH\index.php(67): CodeIgniter\CodeIgniter->run()
CRITICAL - 2023-05-29 06:47:15 --> Undefined variable $data
in APPPATH\Views\buyer.php on line 81.
 1 APPPATH\Views\buyer.php(81): CodeIgniter\Debug\Exceptions->errorHandler(2, 'Undefined variable $data', 'C:\\xampp\\htdocs\\codeigniter\\app\\Views\\buyer.php', 81)
 2 SYSTEMPATH\View\View.php(213): include('C:\\xampp\\htdocs\\codeigniter\\app\\Views\\buyer.php')
 3 SYSTEMPATH\View\View.php(216): CodeIgniter\View\View->CodeIgniter\View\{closure}()
 4 SYSTEMPATH\Common.php(1184): CodeIgniter\View\View->render('buyer', [], true)
 5 APPPATH\Controllers\buyer.php(19): view('buyer', [...])
 6 SYSTEMPATH\CodeIgniter.php(934): App\Controllers\buyer->index()
 7 SYSTEMPATH\CodeIgniter.php(499): CodeIgniter\CodeIgniter->runController(Object(App\Controllers\buyer))
 8 SYSTEMPATH\CodeIgniter.php(368): CodeIgniter\CodeIgniter->handleRequest(null, Object(Config\Cache), false)
 9 FCPATH\index.php(67): CodeIgniter\CodeIgniter->run()
CRITICAL - 2023-05-29 06:47:52 --> Undefined array key "Id"
in APPPATH\Views\userpg.php on line 154.
 1 APPPATH\Views\userpg.php(154): CodeIgniter\Debug\Exceptions->errorHandler(2, 'Undefined array key "Id"', 'C:\\xampp\\htdocs\\codeigniter\\app\\Views\\userpg.php', 154)
 2 SYSTEMPATH\View\View.php(213): include('C:\\xampp\\htdocs\\codeigniter\\app\\Views\\userpg.php')
 3 SYSTEMPATH\View\View.php(216): CodeIgniter\View\View->CodeIgniter\View\{closure}()
 4 SYSTEMPATH\Common.php(1184): CodeIgniter\View\View->render('userpg', [], true)
 5 APPPATH\Controllers\userpg.php(9): view('userpg')
 6 SYSTEMPATH\CodeIgniter.php(934): App\Controllers\userpg->index()
 7 SYSTEMPATH\CodeIgniter.php(499): CodeIgniter\CodeIgniter->runController(Object(App\Controllers\userpg))
 8 SYSTEMPATH\CodeIgniter.php(368): CodeIgniter\CodeIgniter->handleRequest(null, Object(Config\Cache), false)
 9 FCPATH\index.php(67): CodeIgniter\CodeIgniter->run()
CRITICAL - 2023-05-29 06:47:59 --> Undefined variable $data
in APPPATH\Views\buyer.php on line 81.
 1 APPPATH\Views\buyer.php(81): CodeIgniter\Debug\Exceptions->errorHandler(2, 'Undefined variable $data', 'C:\\xampp\\htdocs\\codeigniter\\app\\Views\\buyer.php', 81)
 2 SYSTEMPATH\View\View.php(213): include('C:\\xampp\\htdocs\\codeigniter\\app\\Views\\buyer.php')
 3 SYSTEMPATH\View\View.php(216): CodeIgniter\View\View->CodeIgniter\View\{closure}()
 4 SYSTEMPATH\Common.php(1184): CodeIgniter\View\View->render('buyer', [], true)
 5 APPPATH\Controllers\buyer.php(19): view('buyer', [...])
 6 SYSTEMPATH\CodeIgniter.php(934): App\Controllers\buyer->index()
 7 SYSTEMPATH\CodeIgniter.php(499): CodeIgniter\CodeIgniter->runController(Object(App\Controllers\buyer))
 8 SYSTEMPATH\CodeIgniter.php(368): CodeIgniter\CodeIgniter->handleRequest(null, Object(Config\Cache), false)
 9 FCPATH\index.php(67): CodeIgniter\CodeIgniter->run()
CRITICAL - 2023-05-29 06:48:44 --> Undefined array key "Id"
in APPPATH\Views\userpg.php on line 154.
 1 APPPATH\Views\userpg.php(154): CodeIgniter\Debug\Exceptions->errorHandler(2, 'Undefined array key "Id"', 'C:\\xampp\\htdocs\\codeigniter\\app\\Views\\userpg.php', 154)
 2 SYSTEMPATH\View\View.php(213): include('C:\\xampp\\htdocs\\codeigniter\\app\\Views\\userpg.php')
 3 SYSTEMPATH\View\View.php(216): CodeIgniter\View\View->CodeIgniter\View\{closure}()
 4 SYSTEMPATH\Common.php(1184): CodeIgniter\View\View->render('userpg', [], true)
 5 APPPATH\Controllers\userpg.php(9): view('userpg')
 6 SYSTEMPATH\CodeIgniter.php(934): App\Controllers\userpg->index()
 7 SYSTEMPATH\CodeIgniter.php(499): CodeIgniter\CodeIgniter->runController(Object(App\Controllers\userpg))
 8 SYSTEMPATH\CodeIgniter.php(368): CodeIgniter\CodeIgniter->handleRequest(null, Object(Config\Cache), false)
 9 FCPATH\index.php(67): CodeIgniter\CodeIgniter->run()
CRITICAL - 2023-05-29 06:57:36 --> Undefined array key "Id"
in APPPATH\Views\userpg.php on line 154.
 1 APPPATH\Views\userpg.php(154): CodeIgniter\Debug\Exceptions->errorHandler(2, 'Undefined array key "Id"', 'C:\\xampp\\htdocs\\codeigniter\\app\\Views\\userpg.php', 154)
 2 SYSTEMPATH\View\View.php(213): include('C:\\xampp\\htdocs\\codeigniter\\app\\Views\\userpg.php')
 3 SYSTEMPATH\View\View.php(216): CodeIgniter\View\View->CodeIgniter\View\{closure}()
 4 SYSTEMPATH\Common.php(1184): CodeIgniter\View\View->render('userpg', [], true)
 5 APPPATH\Controllers\userpg.php(9): view('userpg')
 6 SYSTEMPATH\CodeIgniter.php(934): App\Controllers\userpg->index()
 7 SYSTEMPATH\CodeIgniter.php(499): CodeIgniter\CodeIgniter->runController(Object(App\Controllers\userpg))
 8 SYSTEMPATH\CodeIgniter.php(368): CodeIgniter\CodeIgniter->handleRequest(null, Object(Config\Cache), false)
 9 FCPATH\index.php(67): CodeIgniter\CodeIgniter->run()
CRITICAL - 2023-05-29 06:59:10 --> Undefined variable $result
in APPPATH\Views\userpg.php on line 154.
 1 APPPATH\Views\userpg.php(154): CodeIgniter\Debug\Exceptions->errorHandler(2, 'Undefined variable $result', 'C:\\xampp\\htdocs\\codeigniter\\app\\Views\\userpg.php', 154)
 2 SYSTEMPATH\View\View.php(213): include('C:\\xampp\\htdocs\\codeigniter\\app\\Views\\userpg.php')
 3 SYSTEMPATH\View\View.php(216): CodeIgniter\View\View->CodeIgniter\View\{closure}()
 4 SYSTEMPATH\Common.php(1184): CodeIgniter\View\View->render('userpg', [], true)
 5 APPPATH\Controllers\userpg.php(9): view('userpg')
 6 SYSTEMPATH\CodeIgniter.php(934): App\Controllers\userpg->index()
 7 SYSTEMPATH\CodeIgniter.php(499): CodeIgniter\CodeIgniter->runController(Object(App\Controllers\userpg))
 8 SYSTEMPATH\CodeIgniter.php(368): CodeIgniter\CodeIgniter->handleRequest(null, Object(Config\Cache), false)
 9 FCPATH\index.php(67): CodeIgniter\CodeIgniter->run()
CRITICAL - 2023-05-29 07:17:05 --> Undefined variable $data
in APPPATH\Views\seller_view.php on line 31.
 1 APPPATH\Views\seller_view.php(31): CodeIgniter\Debug\Exceptions->errorHandler(2, 'Undefined variable $data', 'C:\\xampp\\htdocs\\codeigniter\\app\\Views\\seller_view.php', 31)
 2 SYSTEMPATH\View\View.php(213): include('C:\\xampp\\htdocs\\codeigniter\\app\\Views\\seller_view.php')
 3 SYSTEMPATH\View\View.php(216): CodeIgniter\View\View->CodeIgniter\View\{closure}()
 4 SYSTEMPATH\Common.php(1184): CodeIgniter\View\View->render('seller_view', [], true)
 5 APPPATH\Controllers\seller_view.php(26): view('seller_view', [...])
 6 SYSTEMPATH\CodeIgniter.php(934): App\Controllers\seller_view->index()
 7 SYSTEMPATH\CodeIgniter.php(499): CodeIgniter\CodeIgniter->runController(Object(App\Controllers\seller_view))
 8 SYSTEMPATH\CodeIgniter.php(368): CodeIgniter\CodeIgniter->handleRequest(null, Object(Config\Cache), false)
 9 FCPATH\index.php(67): CodeIgniter\CodeIgniter->run()
CRITICAL - 2023-05-29 07:23:11 --> Undefined array key "Id"
in APPPATH\Views\userpg.php on line 154.
 1 APPPATH\Views\userpg.php(154): CodeIgniter\Debug\Exceptions->errorHandler(2, 'Undefined array key "Id"', 'C:\\xampp\\htdocs\\codeigniter\\app\\Views\\userpg.php', 154)
 2 SYSTEMPATH\View\View.php(213): include('C:\\xampp\\htdocs\\codeigniter\\app\\Views\\userpg.php')
 3 SYSTEMPATH\View\View.php(216): CodeIgniter\View\View->CodeIgniter\View\{closure}()
 4 SYSTEMPATH\Common.php(1184): CodeIgniter\View\View->render('userpg', [], true)
 5 APPPATH\Controllers\userpg.php(9): view('userpg')
 6 SYSTEMPATH\CodeIgniter.php(934): App\Controllers\userpg->index()
 7 SYSTEMPATH\CodeIgniter.php(499): CodeIgniter\CodeIgniter->runController(Object(App\Controllers\userpg))
 8 SYSTEMPATH\CodeIgniter.php(368): CodeIgniter\CodeIgniter->handleRequest(null, Object(Config\Cache), false)
 9 FCPATH\index.php(67): CodeIgniter\CodeIgniter->run()
CRITICAL - 2023-05-29 07:25:00 --> Undefined variable $result
in APPPATH\Views\userpg.php on line 154.
 1 APPPATH\Views\userpg.php(154): CodeIgniter\Debug\Exceptions->errorHandler(2, 'Undefined variable $result', 'C:\\xampp\\htdocs\\codeigniter\\app\\Views\\userpg.php', 154)
 2 SYSTEMPATH\View\View.php(213): include('C:\\xampp\\htdocs\\codeigniter\\app\\Views\\userpg.php')
 3 SYSTEMPATH\View\View.php(216): CodeIgniter\View\View->CodeIgniter\View\{closure}()
 4 SYSTEMPATH\Common.php(1184): CodeIgniter\View\View->render('userpg', [], true)
 5 APPPATH\Controllers\userpg.php(9): view('userpg')
 6 SYSTEMPATH\CodeIgniter.php(934): App\Controllers\userpg->index()
 7 SYSTEMPATH\CodeIgniter.php(499): CodeIgniter\CodeIgniter->runController(Object(App\Controllers\userpg))
 8 SYSTEMPATH\CodeIgniter.php(368): CodeIgniter\CodeIgniter->handleRequest(null, Object(Config\Cache), false)
 9 FCPATH\index.php(67): CodeIgniter\CodeIgniter->run()
CRITICAL - 2023-05-29 08:54:40 --> Undefined array key "Id"
in APPPATH\Views\userpg.php on line 154.
 1 APPPATH\Views\userpg.php(154): CodeIgniter\Debug\Exceptions->errorHandler(2, 'Undefined array key "Id"', 'C:\\xampp\\htdocs\\codeigniter\\app\\Views\\userpg.php', 154)
 2 SYSTEMPATH\View\View.php(213): include('C:\\xampp\\htdocs\\codeigniter\\app\\Views\\userpg.php')
 3 SYSTEMPATH\View\View.php(216): CodeIgniter\View\View->CodeIgniter\View\{closure}()
 4 SYSTEMPATH\Common.php(1184): CodeIgniter\View\View->render('userpg', [], true)
 5 APPPATH\Controllers\userpg.php(9): view('userpg')
 6 SYSTEMPATH\CodeIgniter.php(934): App\Controllers\userpg->index()
 7 SYSTEMPATH\CodeIgniter.php(499): CodeIgniter\CodeIgniter->runController(Object(App\Controllers\userpg))
 8 SYSTEMPATH\CodeIgniter.php(368): CodeIgniter\CodeIgniter->handleRequest(null, Object(Config\Cache), false)
 9 FCPATH\index.php(67): CodeIgniter\CodeIgniter->run()
CRITICAL - 2023-05-29 08:54:58 --> Undefined array key "Id"
in APPPATH\Views\userpg.php on line 154.
 1 APPPATH\Views\userpg.php(154): CodeIgniter\Debug\Exceptions->errorHandler(2, 'Undefined array key "Id"', 'C:\\xampp\\htdocs\\codeigniter\\app\\Views\\userpg.php', 154)
 2 SYSTEMPATH\View\View.php(213): include('C:\\xampp\\htdocs\\codeigniter\\app\\Views\\userpg.php')
 3 SYSTEMPATH\View\View.php(216): CodeIgniter\View\View->CodeIgniter\View\{closure}()
 4 SYSTEMPATH\Common.php(1184): CodeIgniter\View\View->render('userpg', [], true)
 5 APPPATH\Controllers\userpg.php(9): view('userpg')
 6 SYSTEMPATH\CodeIgniter.php(934): App\Controllers\userpg->index()
 7 SYSTEMPATH\CodeIgniter.php(499): CodeIgniter\CodeIgniter->runController(Object(App\Controllers\userpg))
 8 SYSTEMPATH\CodeIgniter.php(368): CodeIgniter\CodeIgniter->handleRequest(null, Object(Config\Cache), false)
 9 FCPATH\index.php(67): CodeIgniter\CodeIgniter->run()
CRITICAL - 2023-05-29 08:55:08 --> Undefined array key "Id"
in APPPATH\Views\userpg.php on line 154.
 1 APPPATH\Views\userpg.php(154): CodeIgniter\Debug\Exceptions->errorHandler(2, 'Undefined array key "Id"', 'C:\\xampp\\htdocs\\codeigniter\\app\\Views\\userpg.php', 154)
 2 SYSTEMPATH\View\View.php(213): include('C:\\xampp\\htdocs\\codeigniter\\app\\Views\\userpg.php')
 3 SYSTEMPATH\View\View.php(216): CodeIgniter\View\View->CodeIgniter\View\{closure}()
 4 SYSTEMPATH\Common.php(1184): CodeIgniter\View\View->render('userpg', [], true)
 5 APPPATH\Controllers\userpg.php(9): view('userpg')
 6 SYSTEMPATH\CodeIgniter.php(934): App\Controllers\userpg->index()
 7 SYSTEMPATH\CodeIgniter.php(499): CodeIgniter\CodeIgniter->runController(Object(App\Controllers\userpg))
 8 SYSTEMPATH\CodeIgniter.php(368): CodeIgniter\CodeIgniter->handleRequest(null, Object(Config\Cache), false)
 9 FCPATH\index.php(67): CodeIgniter\CodeIgniter->run()
ERROR - 2023-05-29 09:03:04 --> mysqli_sql_exception: You have an error in your SQL syntax; check the manual that corresponds to your MariaDB server version for the right syntax to use near '`Status` = 'Unsold' and `Uid` = '1'' at line 3 in C:\xampp\htdocs\codeigniter\system\Database\MySQLi\Connection.php:295
Stack trace:
#0 C:\xampp\htdocs\codeigniter\system\Database\MySQLi\Connection.php(295): mysqli->query('SELECT *\nFROM `...', 0)
#1 C:\xampp\htdocs\codeigniter\system\Database\BaseConnection.php(692): CodeIgniter\Database\MySQLi\Connection->execute('SELECT *\nFROM `...')
#2 C:\xampp\htdocs\codeigniter\system\Database\BaseConnection.php(606): CodeIgniter\Database\BaseConnection->simpleQuery('SELECT *\nFROM `...')
#3 C:\xampp\htdocs\codeigniter\system\Database\BaseBuilder.php(1616): CodeIgniter\Database\BaseConnection->query('SELECT *\nFROM `...', Array, false)
#4 C:\xampp\htdocs\codeigniter\system\Model.php(241): CodeIgniter\Database\BaseBuilder->get()
#5 C:\xampp\htdocs\codeigniter\system\BaseModel.php(618): CodeIgniter\Model->doFindAll(0, 0)
#6 C:\xampp\htdocs\codeigniter\app\Controllers\buyer.php(17): CodeIgniter\BaseModel->findAll()
#7 C:\xampp\htdocs\codeigniter\system\CodeIgniter.php(934): App\Controllers\buyer->index()
#8 C:\xampp\htdocs\codeigniter\system\CodeIgniter.php(499): CodeIgniter\CodeIgniter->runController(Object(App\Controllers\buyer))
#9 C:\xampp\htdocs\codeigniter\system\CodeIgniter.php(368): CodeIgniter\CodeIgniter->handleRequest(NULL, Object(Config\Cache), false)
#10 C:\xampp\htdocs\codeigniter\index.php(67): CodeIgniter\CodeIgniter->run()
#11 {main}
CRITICAL - 2023-05-29 09:03:04 --> You have an error in your SQL syntax; check the manual that corresponds to your MariaDB server version for the right syntax to use near '`Status` = 'Unsold' and `Uid` = '1'' at line 3
in SYSTEMPATH\Database\MySQLi\Connection.php on line 295.
 1 SYSTEMPATH\Database\MySQLi\Connection.php(295): mysqli->query('SELECT *
FROM `car`
WHERE `select * from car where` `Status` = \'Unsold\' and `Uid` = \'1\'', 0)
 2 SYSTEMPATH\Database\BaseConnection.php(692): CodeIgniter\Database\MySQLi\Connection->execute('SELECT *
FROM `car`
WHERE `select * from car where` `Status` = \'Unsold\' and `Uid` = \'1\'')
 3 SYSTEMPATH\Database\BaseConnection.php(606): CodeIgniter\Database\BaseConnection->simpleQuery('SELECT *
FROM `car`
WHERE `select * from car where` `Status` = \'Unsold\' and `Uid` = \'1\'')
 4 SYSTEMPATH\Database\BaseBuilder.php(1616): CodeIgniter\Database\BaseConnection->query('SELECT *
FROM `car`
WHERE `select * from car where` `Status` = \'Unsold\' and `Uid` = \'1\'', [], false)
 5 SYSTEMPATH\Model.php(241): CodeIgniter\Database\BaseBuilder->get()
 6 SYSTEMPATH\BaseModel.php(618): CodeIgniter\Model->doFindAll(0, 0)
 7 APPPATH\Controllers\buyer.php(17): CodeIgniter\BaseModel->findAll()
 8 SYSTEMPATH\CodeIgniter.php(934): App\Controllers\buyer->index()
 9 SYSTEMPATH\CodeIgniter.php(499): CodeIgniter\CodeIgniter->runController(Object(App\Controllers\buyer))
10 SYSTEMPATH\CodeIgniter.php(368): CodeIgniter\CodeIgniter->handleRequest(null, Object(Config\Cache), false)
11 FCPATH\index.php(67): CodeIgniter\CodeIgniter->run()
CRITICAL - 2023-05-29 09:07:56 --> Undefined array key "Id"
in APPPATH\Views\userpg.php on line 154.
 1 APPPATH\Views\userpg.php(154): CodeIgniter\Debug\Exceptions->errorHandler(2, 'Undefined array key "Id"', 'C:\\xampp\\htdocs\\codeigniter\\app\\Views\\userpg.php', 154)
 2 SYSTEMPATH\View\View.php(213): include('C:\\xampp\\htdocs\\codeigniter\\app\\Views\\userpg.php')
 3 SYSTEMPATH\View\View.php(216): CodeIgniter\View\View->CodeIgniter\View\{closure}()
 4 SYSTEMPATH\Common.php(1184): CodeIgniter\View\View->render('userpg', [], true)
 5 APPPATH\Controllers\userpg.php(9): view('userpg')
 6 SYSTEMPATH\CodeIgniter.php(934): App\Controllers\userpg->index()
 7 SYSTEMPATH\CodeIgniter.php(499): CodeIgniter\CodeIgniter->runController(Object(App\Controllers\userpg))
 8 SYSTEMPATH\CodeIgniter.php(368): CodeIgniter\CodeIgniter->handleRequest(null, Object(Config\Cache), false)
 9 FCPATH\index.php(67): CodeIgniter\CodeIgniter->run()
CRITICAL - 2023-05-29 09:08:51 --> Undefined array key "Id"
in APPPATH\Views\userpg.php on line 154.
 1 APPPATH\Views\userpg.php(154): CodeIgniter\Debug\Exceptions->errorHandler(2, 'Undefined array key "Id"', 'C:\\xampp\\htdocs\\codeigniter\\app\\Views\\userpg.php', 154)
 2 SYSTEMPATH\View\View.php(213): include('C:\\xampp\\htdocs\\codeigniter\\app\\Views\\userpg.php')
 3 SYSTEMPATH\View\View.php(216): CodeIgniter\View\View->CodeIgniter\View\{closure}()
 4 SYSTEMPATH\Common.php(1184): CodeIgniter\View\View->render('userpg', [], true)
 5 APPPATH\Controllers\userpg.php(9): view('userpg')
 6 SYSTEMPATH\CodeIgniter.php(934): App\Controllers\userpg->index()
 7 SYSTEMPATH\CodeIgniter.php(499): CodeIgniter\CodeIgniter->runController(Object(App\Controllers\userpg))
 8 SYSTEMPATH\CodeIgniter.php(368): CodeIgniter\CodeIgniter->handleRequest(null, Object(Config\Cache), false)
 9 FCPATH\index.php(67): CodeIgniter\CodeIgniter->run()
CRITICAL - 2023-05-29 09:09:39 --> Undefined array key "Id"
in APPPATH\Views\userpg.php on line 154.
 1 APPPATH\Views\userpg.php(154): CodeIgniter\Debug\Exceptions->errorHandler(2, 'Undefined array key "Id"', 'C:\\xampp\\htdocs\\codeigniter\\app\\Views\\userpg.php', 154)
 2 SYSTEMPATH\View\View.php(213): include('C:\\xampp\\htdocs\\codeigniter\\app\\Views\\userpg.php')
 3 SYSTEMPATH\View\View.php(216): CodeIgniter\View\View->CodeIgniter\View\{closure}()
 4 SYSTEMPATH\Common.php(1184): CodeIgniter\View\View->render('userpg', [], true)
 5 APPPATH\Controllers\userpg.php(9): view('userpg')
 6 SYSTEMPATH\CodeIgniter.php(934): App\Controllers\userpg->index()
 7 SYSTEMPATH\CodeIgniter.php(499): CodeIgniter\CodeIgniter->runController(Object(App\Controllers\userpg))
 8 SYSTEMPATH\CodeIgniter.php(368): CodeIgniter\CodeIgniter->handleRequest(null, Object(Config\Cache), false)
 9 FCPATH\index.php(67): CodeIgniter\CodeIgniter->run()
CRITICAL - 2023-05-29 09:48:06 --> Undefined array key "Id"
in APPPATH\Views\userpg.php on line 154.
 1 APPPATH\Views\userpg.php(154): CodeIgniter\Debug\Exceptions->errorHandler(2, 'Undefined array key "Id"', 'C:\\xampp\\htdocs\\codeigniter\\app\\Views\\userpg.php', 154)
 2 SYSTEMPATH\View\View.php(213): include('C:\\xampp\\htdocs\\codeigniter\\app\\Views\\userpg.php')
 3 SYSTEMPATH\View\View.php(216): CodeIgniter\View\View->CodeIgniter\View\{closure}()
 4 SYSTEMPATH\Common.php(1184): CodeIgniter\View\View->render('userpg', [], true)
 5 APPPATH\Controllers\userpg.php(9): view('userpg')
 6 SYSTEMPATH\CodeIgniter.php(934): App\Controllers\userpg->index()
 7 SYSTEMPATH\CodeIgniter.php(499): CodeIgniter\CodeIgniter->runController(Object(App\Controllers\userpg))
 8 SYSTEMPATH\CodeIgniter.php(368): CodeIgniter\CodeIgniter->handleRequest(null, Object(Config\Cache), false)
 9 FCPATH\index.php(67): CodeIgniter\CodeIgniter->run()
CRITICAL - 2023-05-29 09:48:26 --> Undefined array key "Id"
in APPPATH\Views\adminpg.php on line 154.
 1 APPPATH\Views\adminpg.php(154): CodeIgniter\Debug\Exceptions->errorHandler(2, 'Undefined array key "Id"', 'C:\\xampp\\htdocs\\codeigniter\\app\\Views\\adminpg.php', 154)
 2 SYSTEMPATH\View\View.php(213): include('C:\\xampp\\htdocs\\codeigniter\\app\\Views\\adminpg.php')
 3 SYSTEMPATH\View\View.php(216): CodeIgniter\View\View->CodeIgniter\View\{closure}()
 4 SYSTEMPATH\Common.php(1184): CodeIgniter\View\View->render('adminpg', [], true)
 5 APPPATH\Controllers\adminpg.php(10): view('adminpg')
 6 SYSTEMPATH\CodeIgniter.php(934): App\Controllers\adminpg->index()
 7 SYSTEMPATH\CodeIgniter.php(499): CodeIgniter\CodeIgniter->runController(Object(App\Controllers\adminpg))
 8 SYSTEMPATH\CodeIgniter.php(368): CodeIgniter\CodeIgniter->handleRequest(null, Object(Config\Cache), false)
 9 FCPATH\index.php(67): CodeIgniter\CodeIgniter->run()
CRITICAL - 2023-05-29 10:12:12 --> Undefined array key "Id"
in APPPATH\Views\adminpg.php on line 154.
 1 APPPATH\Views\adminpg.php(154): CodeIgniter\Debug\Exceptions->errorHandler(2, 'Undefined array key "Id"', 'C:\\xampp\\htdocs\\codeigniter\\app\\Views\\adminpg.php', 154)
 2 SYSTEMPATH\View\View.php(213): include('C:\\xampp\\htdocs\\codeigniter\\app\\Views\\adminpg.php')
 3 SYSTEMPATH\View\View.php(216): CodeIgniter\View\View->CodeIgniter\View\{closure}()
 4 SYSTEMPATH\Common.php(1184): CodeIgniter\View\View->render('adminpg', [], true)
 5 APPPATH\Controllers\adminpg.php(10): view('adminpg')
 6 SYSTEMPATH\CodeIgniter.php(934): App\Controllers\adminpg->index()
 7 SYSTEMPATH\CodeIgniter.php(499): CodeIgniter\CodeIgniter->runController(Object(App\Controllers\adminpg))
 8 SYSTEMPATH\CodeIgniter.php(368): CodeIgniter\CodeIgniter->handleRequest(null, Object(Config\Cache), false)
 9 FCPATH\index.php(67): CodeIgniter\CodeIgniter->run()
CRITICAL - 2023-05-29 10:17:25 --> Undefined array key "Id"
in APPPATH\Views\userpg.php on line 154.
 1 APPPATH\Views\userpg.php(154): CodeIgniter\Debug\Exceptions->errorHandler(2, 'Undefined array key "Id"', 'C:\\xampp\\htdocs\\codeigniter\\app\\Views\\userpg.php', 154)
 2 SYSTEMPATH\View\View.php(213): include('C:\\xampp\\htdocs\\codeigniter\\app\\Views\\userpg.php')
 3 SYSTEMPATH\View\View.php(216): CodeIgniter\View\View->CodeIgniter\View\{closure}()
 4 SYSTEMPATH\Common.php(1184): CodeIgniter\View\View->render('userpg', [], true)
 5 APPPATH\Controllers\userpg.php(9): view('userpg')
 6 SYSTEMPATH\CodeIgniter.php(934): App\Controllers\userpg->index()
 7 SYSTEMPATH\CodeIgniter.php(499): CodeIgniter\CodeIgniter->runController(Object(App\Controllers\userpg))
 8 SYSTEMPATH\CodeIgniter.php(368): CodeIgniter\CodeIgniter->handleRequest(null, Object(Config\Cache), false)
 9 FCPATH\index.php(67): CodeIgniter\CodeIgniter->run()
CRITICAL - 2023-05-29 10:22:50 --> Undefined variable $d
in APPPATH\Views\user_edit.php on line 133.
 1 APPPATH\Views\user_edit.php(133): CodeIgniter\Debug\Exceptions->errorHandler(2, 'Undefined variable $d', 'C:\\xampp\\htdocs\\codeigniter\\app\\Views\\user_edit.php', 133)
 2 SYSTEMPATH\View\View.php(213): include('C:\\xampp\\htdocs\\codeigniter\\app\\Views\\user_edit.php')
 3 SYSTEMPATH\View\View.php(216): CodeIgniter\View\View->CodeIgniter\View\{closure}()
 4 SYSTEMPATH\Common.php(1184): CodeIgniter\View\View->render('user_edit', [], true)
 5 APPPATH\Controllers\user_edit.php(16): view('user_edit', [...])
 6 SYSTEMPATH\CodeIgniter.php(934): App\Controllers\user_edit->index()
 7 SYSTEMPATH\CodeIgniter.php(499): CodeIgniter\CodeIgniter->runController(Object(App\Controllers\user_edit))
 8 SYSTEMPATH\CodeIgniter.php(368): CodeIgniter\CodeIgniter->handleRequest(null, Object(Config\Cache), false)
 9 FCPATH\index.php(67): CodeIgniter\CodeIgniter->run()
CRITICAL - 2023-05-29 10:23:57 --> Undefined array key "Company"
in APPPATH\Views\user_edit.php on line 133.
 1 APPPATH\Views\user_edit.php(133): CodeIgniter\Debug\Exceptions->errorHandler(2, 'Undefined array key "Company"', 'C:\\xampp\\htdocs\\codeigniter\\app\\Views\\user_edit.php', 133)
 2 SYSTEMPATH\View\View.php(213): include('C:\\xampp\\htdocs\\codeigniter\\app\\Views\\user_edit.php')
 3 SYSTEMPATH\View\View.php(216): CodeIgniter\View\View->CodeIgniter\View\{closure}()
 4 SYSTEMPATH\Common.php(1184): CodeIgniter\View\View->render('user_edit', [], true)
 5 APPPATH\Controllers\user_edit.php(16): view('user_edit', [...])
 6 SYSTEMPATH\CodeIgniter.php(934): App\Controllers\user_edit->index()
 7 SYSTEMPATH\CodeIgniter.php(499): CodeIgniter\CodeIgniter->runController(Object(App\Controllers\user_edit))
 8 SYSTEMPATH\CodeIgniter.php(368): CodeIgniter\CodeIgniter->handleRequest(null, Object(Config\Cache), false)
 9 FCPATH\index.php(67): CodeIgniter\CodeIgniter->run()
CRITICAL - 2023-05-29 11:10:57 --> Undefined array key "Uid"
in APPPATH\Controllers\user_edit.php on line 40.
 1 APPPATH\Controllers\user_edit.php(40): CodeIgniter\Debug\Exceptions->errorHandler(2, 'Undefined array key "Uid"', 'C:\\xampp\\htdocs\\codeigniter\\app\\Controllers\\user_edit.php', 40)
 2 SYSTEMPATH\CodeIgniter.php(934): App\Controllers\user_edit->edit()
 3 SYSTEMPATH\CodeIgniter.php(499): CodeIgniter\CodeIgniter->runController(Object(App\Controllers\user_edit))
 4 SYSTEMPATH\CodeIgniter.php(368): CodeIgniter\CodeIgniter->handleRequest(null, Object(Config\Cache), false)
 5 FCPATH\index.php(67): CodeIgniter\CodeIgniter->run()
CRITICAL - 2023-05-29 11:12:33 --> Undefined array key "Uid"
in APPPATH\Controllers\user_edit.php on line 29.
 1 APPPATH\Controllers\user_edit.php(29): CodeIgniter\Debug\Exceptions->errorHandler(2, 'Undefined array key "Uid"', 'C:\\xampp\\htdocs\\codeigniter\\app\\Controllers\\user_edit.php', 29)
 2 SYSTEMPATH\CodeIgniter.php(934): App\Controllers\user_edit->edit()
 3 SYSTEMPATH\CodeIgniter.php(499): CodeIgniter\CodeIgniter->runController(Object(App\Controllers\user_edit))
 4 SYSTEMPATH\CodeIgniter.php(368): CodeIgniter\CodeIgniter->handleRequest(null, Object(Config\Cache), false)
 5 FCPATH\index.php(67): CodeIgniter\CodeIgniter->run()
CRITICAL - 2023-05-29 12:11:15 --> Undefined array key "Id"
in APPPATH\Views\userpg.php on line 154.
 1 APPPATH\Views\userpg.php(154): CodeIgniter\Debug\Exceptions->errorHandler(2, 'Undefined array key "Id"', 'C:\\xampp\\htdocs\\codeigniter\\app\\Views\\userpg.php', 154)
 2 SYSTEMPATH\View\View.php(213): include('C:\\xampp\\htdocs\\codeigniter\\app\\Views\\userpg.php')
 3 SYSTEMPATH\View\View.php(216): CodeIgniter\View\View->CodeIgniter\View\{closure}()
 4 SYSTEMPATH\Common.php(1184): CodeIgniter\View\View->render('userpg', [], true)
 5 APPPATH\Controllers\userpg.php(9): view('userpg')
 6 SYSTEMPATH\CodeIgniter.php(934): App\Controllers\userpg->index()
 7 SYSTEMPATH\CodeIgniter.php(499): CodeIgniter\CodeIgniter->runController(Object(App\Controllers\userpg))
 8 SYSTEMPATH\CodeIgniter.php(368): CodeIgniter\CodeIgniter->handleRequest(null, Object(Config\Cache), false)
 9 FCPATH\index.php(67): CodeIgniter\CodeIgniter->run()
CRITICAL - 2023-05-29 12:13:21 --> Undefined array key "Id"
in APPPATH\Views\adminpg.php on line 154.
 1 APPPATH\Views\adminpg.php(154): CodeIgniter\Debug\Exceptions->errorHandler(2, 'Undefined array key "Id"', 'C:\\xampp\\htdocs\\codeigniter\\app\\Views\\adminpg.php', 154)
 2 SYSTEMPATH\View\View.php(213): include('C:\\xampp\\htdocs\\codeigniter\\app\\Views\\adminpg.php')
 3 SYSTEMPATH\View\View.php(216): CodeIgniter\View\View->CodeIgniter\View\{closure}()
 4 SYSTEMPATH\Common.php(1184): CodeIgniter\View\View->render('adminpg', [], true)
 5 APPPATH\Controllers\adminpg.php(10): view('adminpg')
 6 SYSTEMPATH\CodeIgniter.php(934): App\Controllers\adminpg->index()
 7 SYSTEMPATH\CodeIgniter.php(499): CodeIgniter\CodeIgniter->runController(Object(App\Controllers\adminpg))
 8 SYSTEMPATH\CodeIgniter.php(368): CodeIgniter\CodeIgniter->handleRequest(null, Object(Config\Cache), false)
 9 FCPATH\index.php(67): CodeIgniter\CodeIgniter->run()
CRITICAL - 2023-05-29 12:19:38 --> Undefined array key "Id"
in APPPATH\Views\adminpg.php on line 154.
 1 APPPATH\Views\adminpg.php(154): CodeIgniter\Debug\Exceptions->errorHandler(2, 'Undefined array key "Id"', 'C:\\xampp\\htdocs\\codeigniter\\app\\Views\\adminpg.php', 154)
 2 SYSTEMPATH\View\View.php(213): include('C:\\xampp\\htdocs\\codeigniter\\app\\Views\\adminpg.php')
 3 SYSTEMPATH\View\View.php(216): CodeIgniter\View\View->CodeIgniter\View\{closure}()
 4 SYSTEMPATH\Common.php(1184): CodeIgniter\View\View->render('adminpg', [], true)
 5 APPPATH\Controllers\adminpg.php(10): view('adminpg')
 6 SYSTEMPATH\CodeIgniter.php(934): App\Controllers\adminpg->index()
 7 SYSTEMPATH\CodeIgniter.php(499): CodeIgniter\CodeIgniter->runController(Object(App\Controllers\adminpg))
 8 SYSTEMPATH\CodeIgniter.php(368): CodeIgniter\CodeIgniter->handleRequest(null, Object(Config\Cache), false)
 9 FCPATH\index.php(67): CodeIgniter\CodeIgniter->run()
CRITICAL - 2023-05-29 12:19:44 --> Invalid file: "admin_car?id=4.php"
in SYSTEMPATH\Exceptions\FrameworkException.php on line 33.
 1 SYSTEMPATH\View\View.php(201): CodeIgniter\Exceptions\FrameworkException::forInvalidFile('admin_car?id=4.php')
 2 SYSTEMPATH\Common.php(1184): CodeIgniter\View\View->render('admin_car?id=4', [], true)
 3 APPPATH\Controllers\admin_car.php(21): view('admin_car?id=4', [...])
 4 SYSTEMPATH\CodeIgniter.php(934): App\Controllers\admin_car->index()
 5 SYSTEMPATH\CodeIgniter.php(499): CodeIgniter\CodeIgniter->runController(Object(App\Controllers\admin_car))
 6 SYSTEMPATH\CodeIgniter.php(368): CodeIgniter\CodeIgniter->handleRequest(null, Object(Config\Cache), false)
 7 FCPATH\index.php(67): CodeIgniter\CodeIgniter->run()
CRITICAL - 2023-05-29 12:20:34 --> Undefined array key "Id"
in APPPATH\Views\adminpg.php on line 154.
 1 APPPATH\Views\adminpg.php(154): CodeIgniter\Debug\Exceptions->errorHandler(2, 'Undefined array key "Id"', 'C:\\xampp\\htdocs\\codeigniter\\app\\Views\\adminpg.php', 154)
 2 SYSTEMPATH\View\View.php(213): include('C:\\xampp\\htdocs\\codeigniter\\app\\Views\\adminpg.php')
 3 SYSTEMPATH\View\View.php(216): CodeIgniter\View\View->CodeIgniter\View\{closure}()
 4 SYSTEMPATH\Common.php(1184): CodeIgniter\View\View->render('adminpg', [], true)
 5 APPPATH\Controllers\adminpg.php(10): view('adminpg')
 6 SYSTEMPATH\CodeIgniter.php(934): App\Controllers\adminpg->index()
 7 SYSTEMPATH\CodeIgniter.php(499): CodeIgniter\CodeIgniter->runController(Object(App\Controllers\adminpg))
 8 SYSTEMPATH\CodeIgniter.php(368): CodeIgniter\CodeIgniter->handleRequest(null, Object(Config\Cache), false)
 9 FCPATH\index.php(67): CodeIgniter\CodeIgniter->run()
CRITICAL - 2023-05-29 12:20:41 --> Invalid file: "admin_car?id=$id.php"
in SYSTEMPATH\Exceptions\FrameworkException.php on line 33.
 1 SYSTEMPATH\View\View.php(201): CodeIgniter\Exceptions\FrameworkException::forInvalidFile('admin_car?id=$id.php')
 2 SYSTEMPATH\Common.php(1184): CodeIgniter\View\View->render('admin_car?id=$id', [], true)
 3 APPPATH\Controllers\admin_car.php(21): view('admin_car?id=$id', [...])
 4 SYSTEMPATH\CodeIgniter.php(934): App\Controllers\admin_car->index()
 5 SYSTEMPATH\CodeIgniter.php(499): CodeIgniter\CodeIgniter->runController(Object(App\Controllers\admin_car))
 6 SYSTEMPATH\CodeIgniter.php(368): CodeIgniter\CodeIgniter->handleRequest(null, Object(Config\Cache), false)
 7 FCPATH\index.php(67): CodeIgniter\CodeIgniter->run()
CRITICAL - 2023-05-29 12:24:20 --> Undefined array key "id"
in APPPATH\Views\admin_user.php on line 77.
 1 APPPATH\Views\admin_user.php(77): CodeIgniter\Debug\Exceptions->errorHandler(2, 'Undefined array key "id"', 'C:\\xampp\\htdocs\\codeigniter\\app\\Views\\admin_user.php', 77)
 2 SYSTEMPATH\View\View.php(213): include('C:\\xampp\\htdocs\\codeigniter\\app\\Views\\admin_user.php')
 3 SYSTEMPATH\View\View.php(216): CodeIgniter\View\View->CodeIgniter\View\{closure}()
 4 SYSTEMPATH\Common.php(1184): CodeIgniter\View\View->render('admin_user', [], true)
 5 APPPATH\Controllers\admin_user.php(19): view('admin_user', [...])
 6 SYSTEMPATH\CodeIgniter.php(934): App\Controllers\admin_user->index()
 7 SYSTEMPATH\CodeIgniter.php(499): CodeIgniter\CodeIgniter->runController(Object(App\Controllers\admin_user))
 8 SYSTEMPATH\CodeIgniter.php(368): CodeIgniter\CodeIgniter->handleRequest(null, Object(Config\Cache), false)
 9 FCPATH\index.php(67): CodeIgniter\CodeIgniter->run()
CRITICAL - 2023-05-29 12:25:07 --> Undefined array key "id"
in APPPATH\Controllers\admin_car.php on line 14.
 1 APPPATH\Controllers\admin_car.php(14): CodeIgniter\Debug\Exceptions->errorHandler(2, 'Undefined array key "id"', 'C:\\xampp\\htdocs\\codeigniter\\app\\Controllers\\admin_car.php', 14)
 2 SYSTEMPATH\CodeIgniter.php(934): App\Controllers\admin_car->index()
 3 SYSTEMPATH\CodeIgniter.php(499): CodeIgniter\CodeIgniter->runController(Object(App\Controllers\admin_car))
 4 SYSTEMPATH\CodeIgniter.php(368): CodeIgniter\CodeIgniter->handleRequest(null, Object(Config\Cache), false)
 5 FCPATH\index.php(67): CodeIgniter\CodeIgniter->run()
CRITICAL - 2023-05-29 12:26:01 --> Undefined array key "id"
in APPPATH\Controllers\admin_car.php on line 14.
 1 APPPATH\Controllers\admin_car.php(14): CodeIgniter\Debug\Exceptions->errorHandler(2, 'Undefined array key "id"', 'C:\\xampp\\htdocs\\codeigniter\\app\\Controllers\\admin_car.php', 14)
 2 SYSTEMPATH\CodeIgniter.php(934): App\Controllers\admin_car->index()
 3 SYSTEMPATH\CodeIgniter.php(499): CodeIgniter\CodeIgniter->runController(Object(App\Controllers\admin_car))
 4 SYSTEMPATH\CodeIgniter.php(368): CodeIgniter\CodeIgniter->handleRequest(null, Object(Config\Cache), false)
 5 FCPATH\index.php(67): CodeIgniter\CodeIgniter->run()
CRITICAL - 2023-05-29 12:27:03 --> Invalid file: "admin_car?id=$id.php"
in SYSTEMPATH\Exceptions\FrameworkException.php on line 33.
 1 SYSTEMPATH\View\View.php(201): CodeIgniter\Exceptions\FrameworkException::forInvalidFile('admin_car?id=$id.php')
 2 SYSTEMPATH\Common.php(1184): CodeIgniter\View\View->render('admin_car?id=$id', [], true)
 3 APPPATH\Controllers\admin_car.php(20): view('admin_car?id=$id', [...])
 4 SYSTEMPATH\CodeIgniter.php(934): App\Controllers\admin_car->index()
 5 SYSTEMPATH\CodeIgniter.php(499): CodeIgniter\CodeIgniter->runController(Object(App\Controllers\admin_car))
 6 SYSTEMPATH\CodeIgniter.php(368): CodeIgniter\CodeIgniter->handleRequest(null, Object(Config\Cache), false)
 7 FCPATH\index.php(67): CodeIgniter\CodeIgniter->run()
CRITICAL - 2023-05-29 12:28:13 --> Undefined array key "ID"
in APPPATH\Controllers\admin_delete.php on line 11.
 1 APPPATH\Controllers\admin_delete.php(11): CodeIgniter\Debug\Exceptions->errorHandler(2, 'Undefined array key "ID"', 'C:\\xampp\\htdocs\\codeigniter\\app\\Controllers\\admin_delete.php', 11)
 2 SYSTEMPATH\CodeIgniter.php(934): App\Controllers\admin_delete->index()
 3 SYSTEMPATH\CodeIgniter.php(499): CodeIgniter\CodeIgniter->runController(Object(App\Controllers\admin_delete))
 4 SYSTEMPATH\CodeIgniter.php(368): CodeIgniter\CodeIgniter->handleRequest(null, Object(Config\Cache), false)
 5 FCPATH\index.php(67): CodeIgniter\CodeIgniter->run()
CRITICAL - 2023-05-29 12:28:42 --> Undefined array key "id"
in APPPATH\Controllers\admin_view.php on line 14.
 1 APPPATH\Controllers\admin_view.php(14): CodeIgniter\Debug\Exceptions->errorHandler(2, 'Undefined array key "id"', 'C:\\xampp\\htdocs\\codeigniter\\app\\Controllers\\admin_view.php', 14)
 2 SYSTEMPATH\CodeIgniter.php(934): App\Controllers\admin_view->index()
 3 SYSTEMPATH\CodeIgniter.php(499): CodeIgniter\CodeIgniter->runController(Object(App\Controllers\admin_view))
 4 SYSTEMPATH\CodeIgniter.php(368): CodeIgniter\CodeIgniter->handleRequest(null, Object(Config\Cache), false)
 5 FCPATH\index.php(67): CodeIgniter\CodeIgniter->run()
CRITICAL - 2023-05-29 12:31:49 --> Undefined variable $id
in APPPATH\Controllers\admin_view.php on line 15.
 1 APPPATH\Controllers\admin_view.php(15): CodeIgniter\Debug\Exceptions->errorHandler(2, 'Undefined variable $id', 'C:\\xampp\\htdocs\\codeigniter\\app\\Controllers\\admin_view.php', 15)
 2 SYSTEMPATH\CodeIgniter.php(934): App\Controllers\admin_view->index()
 3 SYSTEMPATH\CodeIgniter.php(499): CodeIgniter\CodeIgniter->runController(Object(App\Controllers\admin_view))
 4 SYSTEMPATH\CodeIgniter.php(368): CodeIgniter\CodeIgniter->handleRequest(null, Object(Config\Cache), false)
 5 FCPATH\index.php(67): CodeIgniter\CodeIgniter->run()
CRITICAL - 2023-05-29 12:42:49 --> Undefined variable $result
in APPPATH\Views\admin_view.php on line 60.
 1 APPPATH\Views\admin_view.php(60): CodeIgniter\Debug\Exceptions->errorHandler(2, 'Undefined variable $result', 'C:\\xampp\\htdocs\\codeigniter\\app\\Views\\admin_view.php', 60)
 2 SYSTEMPATH\View\View.php(213): include('C:\\xampp\\htdocs\\codeigniter\\app\\Views\\admin_view.php')
 3 SYSTEMPATH\View\View.php(216): CodeIgniter\View\View->CodeIgniter\View\{closure}()
 4 SYSTEMPATH\Common.php(1184): CodeIgniter\View\View->render('admin_view', [], true)
 5 APPPATH\Controllers\admin_view.php(20): view('admin_view', [...])
 6 SYSTEMPATH\CodeIgniter.php(934): App\Controllers\admin_view->index()
 7 SYSTEMPATH\CodeIgniter.php(499): CodeIgniter\CodeIgniter->runController(Object(App\Controllers\admin_view))
 8 SYSTEMPATH\CodeIgniter.php(368): CodeIgniter\CodeIgniter->handleRequest(null, Object(Config\Cache), false)
 9 FCPATH\index.php(67): CodeIgniter\CodeIgniter->run()
